#
# There is insufficient memory for the Java Runtime Environment to continue.
# Native memory allocation (malloc) failed to allocate 665120 bytes for Chunk::new
# Possible reasons:
#   The system is out of physical RAM or swap space
#   The process is running with CompressedOops enabled, and the Java Heap may be blocking the growth of the native heap
# Possible solutions:
#   Reduce memory load on the system
#   Increase physical memory or swap space
#   Check if swap backing store is full
#   Decrease Java heap size (-Xmx/-Xms)
#   Decrease number of Java threads
#   Decrease Java thread stack sizes (-Xss)
#   Set larger code cache with -XX:ReservedCodeCacheSize=
#   JVM is running with Unscaled Compressed Oops mode in which the Java heap is
#     placed in the first 4GB address space. The Java Heap base address is the
#     maximum limit for the native heap growth. Please use -XX:HeapBaseMinAddress
#     to set the Java Heap base and to place the Java Heap above 4GB virtual address.
# This output file may be truncated or incomplete.
#
#  Out of Memory Error (arena.cpp:191), pid=15892, tid=21964
#
# JRE version: OpenJDK Runtime Environment Zulu17.46+19-CA (17.0.9+8) (build 17.0.9+8-LTS)
# Java VM: OpenJDK 64-Bit Server VM Zulu17.46+19-CA (17.0.9+8-LTS, mixed mode, sharing, tiered, compressed oops, compressed class ptrs, g1 gc, windows-amd64)
# No core dump will be written. Minidumps are not enabled by default on client versions of Windows
#

---------------  S U M M A R Y ------------

Command Line: -agentlib:jdwp=transport=dt_socket,address=127.0.0.1:63649,suspend=y,server=n -javaagent:C:\Users\Gediminas\AppData\Local\JetBrains\IntelliJIdea2023.2\captureAgent\debugger-agent.jar -Dfile.encoding=UTF-8 --module-path=C:\Users\Gediminas\.m2\repository\org\openjfx\javafx-controls\17.0.0.1\javafx-controls-17.0.0.1-win.jar;C:\Users\Gediminas\.m2\repository\org\openjfx\javafx-graphics\17.0.0.1\javafx-graphics-17.0.0.1-win.jar;C:\Users\Gediminas\.m2\repository\org\projectlombok\lombok\1.18.30\lombok-1.18.30.jar;C:\Users\Gediminas\.m2\repository\jakarta\persistence\jakarta.persistence-api\3.0.0\jakarta.persistence-api-3.0.0.jar;C:\Users\Gediminas\.m2\repository\org\openjfx\javafx-fxml\17.0.0.1\javafx-fxml-17.0.0.1-win.jar;C:\Users\Gediminas\.m2\repository\org\mindrot\jbcrypt\0.4\jbcrypt-0.4.jar;C:\Users\Gediminas\.m2\repository\org\openjfx\javafx-base\17.0.0.1\javafx-base-17.0.0.1-win.jar;C:\Users\Gediminas\Desktop\Studijos\5 semestras\programavimo_technologijos\Kursinis\CandyShop\target\classes;C:\Users\Gediminas\.m2\repository\org\hibernate\hibernate-core-jakarta\5.6.15.Final\hibernate-core-jakarta-5.6.15.Final.jar -Djdk.module.main=com.kursinis.prif4kursinis com.kursinis.prif4kursinis/com.CandyShop.StartGui

Host: Intel(R) Core(TM) i5-10300H CPU @ 2.50GHz, 8 cores, 7G,  Windows 10 , 64 bit Build 19041 (10.0.19041.3636)
Time: Wed Dec 13 16:27:12 2023 FLE Standard Time elapsed time: 52.509003 seconds (0d 0h 0m 52s)

---------------  T H R E A D  ---------------

Current thread (0x000001566ce9c860):  JavaThread "C2 CompilerThread1" daemon [_thread_in_native, id=21964, stack(0x0000003816d00000,0x0000003816e00000)]


Current CompileTask:
C2:  52509 5096       4       javafx.css.SimpleSelector::applies (54 bytes)

Stack: [0x0000003816d00000,0x0000003816e00000]
Native frames: (J=compiled Java code, j=interpreted, Vv=VM code, C=native code)
V  [jvm.dll+0x681239]
V  [jvm.dll+0x838dba]
V  [jvm.dll+0x83a87e]
V  [jvm.dll+0x83aee3]
V  [jvm.dll+0x24b92f]
V  [jvm.dll+0xac43c]
V  [jvm.dll+0xaca8c]
V  [jvm.dll+0x36b217]
V  [jvm.dll+0x334d3a]
V  [jvm.dll+0x3341da]
V  [jvm.dll+0x21a701]
V  [jvm.dll+0x219b21]
V  [jvm.dll+0x1a58ad]
V  [jvm.dll+0x229909]
V  [jvm.dll+0x227acc]
V  [jvm.dll+0x7edea7]
V  [jvm.dll+0x7e825a]
V  [jvm.dll+0x680125]
C  [ucrtbase.dll+0x21bb2]
C  [KERNEL32.DLL+0x17344]
C  [ntdll.dll+0x526b1]


---------------  P R O C E S S  ---------------

Threads class SMR info:
_java_thread_list=0x0000015665df8e30, length=25, elements={
0x000001567fc107b0, 0x000001561e7e6710, 0x000001561e7e72e0, 0x000001561e7f7da0,
0x000001561e7f9190, 0x000001561e7fc390, 0x000001561e7ffba0, 0x000001561e805d80,
0x000001561e80e760, 0x000001561e80f080, 0x000001561ea0c920, 0x000001566478b8a0,
0x0000015664be4a00, 0x0000015664a32af0, 0x000001566425b360, 0x0000015664cf0d60,
0x000001566505d670, 0x0000015665041580, 0x0000015664c03e30, 0x0000015664ddc850,
0x000001566c608550, 0x000001566c607110, 0x000001566c608a60, 0x000001566c60a3b0,
0x000001566ce9c860
}

Java Threads: ( => current thread )
  0x000001567fc107b0 JavaThread "main" [_thread_blocked, id=20412, stack(0x0000003815c00000,0x0000003815d00000)]
  0x000001561e7e6710 JavaThread "Reference Handler" daemon [_thread_blocked, id=5184, stack(0x0000003816300000,0x0000003816400000)]
  0x000001561e7e72e0 JavaThread "Finalizer" daemon [_thread_blocked, id=20232, stack(0x0000003816400000,0x0000003816500000)]
  0x000001561e7f7da0 JavaThread "Signal Dispatcher" daemon [_thread_blocked, id=8964, stack(0x0000003816500000,0x0000003816600000)]
  0x000001561e7f9190 JavaThread "Attach Listener" daemon [_thread_blocked, id=10816, stack(0x0000003816600000,0x0000003816700000)]
  0x000001561e7fc390 JavaThread "Service Thread" daemon [_thread_blocked, id=9088, stack(0x0000003816700000,0x0000003816800000)]
  0x000001561e7ffba0 JavaThread "Monitor Deflation Thread" daemon [_thread_blocked, id=10804, stack(0x0000003816800000,0x0000003816900000)]
  0x000001561e805d80 JavaThread "C2 CompilerThread0" daemon [_thread_in_native, id=4836, stack(0x0000003816900000,0x0000003816a00000)]
  0x000001561e80e760 JavaThread "C1 CompilerThread0" daemon [_thread_in_native, id=20504, stack(0x0000003816a00000,0x0000003816b00000)]
  0x000001561e80f080 JavaThread "Sweeper thread" daemon [_thread_blocked, id=14216, stack(0x0000003816b00000,0x0000003816c00000)]
  0x000001561ea0c920 JavaThread "Common-Cleaner" daemon [_thread_blocked, id=7576, stack(0x0000003816c00000,0x0000003816d00000)]
  0x000001566478b8a0 JavaThread "JDWP Transport Listener: dt_socket" daemon [_thread_blocked, id=22440, stack(0x0000003816f00000,0x0000003817000000)]
  0x0000015664be4a00 JavaThread "JDWP Event Helper Thread" daemon [_thread_blocked, id=2400, stack(0x0000003817000000,0x0000003817100000)]
  0x0000015664a32af0 JavaThread "JDWP Command Reader" daemon [_thread_in_native, id=21296, stack(0x0000003817100000,0x0000003817200000)]
  0x000001566425b360 JavaThread "Notification Thread" daemon [_thread_blocked, id=20660, stack(0x0000003817200000,0x0000003817300000)]
  0x0000015664cf0d60 JavaThread "QuantumRenderer-0" daemon [_thread_blocked, id=18568, stack(0x0000003817400000,0x0000003817500000)]
  0x000001566505d670 JavaThread "InvokeLaterDispatcher" daemon [_thread_blocked, id=13984, stack(0x0000003817c00000,0x0000003817d00000)]
  0x0000015665041580 JavaThread "JavaFX Application Thread" [_thread_in_Java, id=21392, stack(0x0000003817d00000,0x0000003817e00000)]
  0x0000015664c03e30 JavaThread "Thread-1" daemon [_thread_in_native, id=3956, stack(0x0000003816e00000,0x0000003816f00000)]
  0x0000015664ddc850 JavaThread "JavaFX-Launcher" [_thread_blocked, id=19552, stack(0x0000003818100000,0x0000003818200000)]
  0x000001566c608550 JavaThread "mysql-cj-abandoned-connection-cleanup" daemon [_thread_blocked, id=10300, stack(0x0000003818600000,0x0000003818700000)]
  0x000001566c607110 JavaThread "Hibernate Connection Pool Validation Thread" daemon [_thread_blocked, id=18636, stack(0x0000003818800000,0x0000003818900000)]
  0x000001566c608a60 JavaThread "Prism Font Disposer" daemon [_thread_blocked, id=19324, stack(0x0000003818b00000,0x0000003818c00000)]
  0x000001566c60a3b0 JavaThread "Cleaner-0" daemon [_thread_blocked, id=21124, stack(0x0000003818c00000,0x0000003818d00000)]
=>0x000001566ce9c860 JavaThread "C2 CompilerThread1" daemon [_thread_in_native, id=21964, stack(0x0000003816d00000,0x0000003816e00000)]

Other Threads:
  0x000001561e7e3c60 VMThread "VM Thread" [stack: 0x0000003816200000,0x0000003816300000] [id=22488]
  0x000001561eab8490 WatcherThread [stack: 0x0000003817300000,0x0000003817400000] [id=16156]
  0x000001567fc6a210 GCTaskThread "GC Thread#0" [stack: 0x0000003815d00000,0x0000003815e00000] [id=11488]
  0x0000015664c57450 GCTaskThread "GC Thread#1" [stack: 0x0000003817600000,0x0000003817700000] [id=21752]
  0x0000015664c57720 GCTaskThread "GC Thread#2" [stack: 0x0000003817700000,0x0000003817800000] [id=19880]
  0x00000156649fb750 GCTaskThread "GC Thread#3" [stack: 0x0000003817500000,0x0000003817600000] [id=12956]
  0x0000015665593ab0 GCTaskThread "GC Thread#4" [stack: 0x0000003817800000,0x0000003817900000] [id=9004]
  0x00000156649cced0 GCTaskThread "GC Thread#5" [stack: 0x0000003817900000,0x0000003817a00000] [id=9176]
  0x00000156649cc930 GCTaskThread "GC Thread#6" [stack: 0x0000003817a00000,0x0000003817b00000] [id=20740]
  0x00000156649cc390 GCTaskThread "GC Thread#7" [stack: 0x0000003817b00000,0x0000003817c00000] [id=1388]
  0x000001567fc7ad70 ConcurrentGCThread "G1 Main Marker" [stack: 0x0000003815e00000,0x0000003815f00000] [id=13900]
  0x000001567fc7bf30 ConcurrentGCThread "G1 Conc#0" [stack: 0x0000003815f00000,0x0000003816000000] [id=16576]
  0x0000015666bcc360 ConcurrentGCThread "G1 Conc#1" [stack: 0x0000003818700000,0x0000003818800000] [id=21476]
  0x000001561e6980f0 ConcurrentGCThread "G1 Refine#0" [stack: 0x0000003816000000,0x0000003816100000] [id=22444]
  0x0000015665e4cc10 ConcurrentGCThread "G1 Refine#1" [stack: 0x0000003818200000,0x0000003818300000] [id=15160]
  0x00000156660cdd30 ConcurrentGCThread "G1 Refine#2" [stack: 0x0000003818300000,0x0000003818400000] [id=11532]
  0x0000015665e83150 ConcurrentGCThread "G1 Refine#3" [stack: 0x0000003818400000,0x0000003818500000] [id=22300]
  0x000001561e6999e0 ConcurrentGCThread "G1 Service" [stack: 0x0000003816100000,0x0000003816200000] [id=20880]

Threads with active compile tasks:
C2 CompilerThread0    52566 5131       4       javafx.css.CompoundSelector::applies (144 bytes)
C1 CompilerThread0    52566 5177       3       javafx.scene.layout.Region::getSnapScaleX (8 bytes)
C2 CompilerThread1    52566 5096       4       javafx.css.SimpleSelector::applies (54 bytes)

VM state: not at safepoint (normal execution)

VM Mutex/Monitor currently owned by a thread: None

Heap address: 0x0000000082000000, size: 2016 MB, Compressed Oops mode: 32-bit

CDS archive(s) mapped at: [0x000001561f000000-0x000001561fbd0000-0x000001561fbd0000), size 12386304, SharedBaseAddress: 0x000001561f000000, ArchiveRelocationMode: 1.
Compressed class space mapped at: 0x0000015620000000-0x0000015660000000, reserved size: 1073741824
Narrow klass base: 0x000001561f000000, Narrow klass shift: 0, Narrow klass range: 0x100000000

GC Precious Log:
 CPUs: 8 total, 8 available
 Memory: 8059M
 Large Page Support: Disabled
 NUMA Support: Disabled
 Compressed Oops: Enabled (32-bit)
 Heap Region Size: 1M
 Heap Min Capacity: 8M
 Heap Initial Capacity: 126M
 Heap Max Capacity: 2016M
 Pre-touch: Disabled
 Parallel Workers: 8
 Concurrent Workers: 2
 Concurrent Refinement Workers: 8
 Periodic GC: Disabled

Heap:
 garbage-first heap   total 55296K, used 37515K [0x0000000082000000, 0x0000000100000000)
  region size 1024K, 9 young (9216K), 1 survivors (1024K)
 Metaspace       used 44931K, committed 45248K, reserved 1114112K
  class space    used 6257K, committed 6400K, reserved 1048576K

Heap Regions: E=young(eden), S=young(survivor), O=old, HS=humongous(starts), HC=humongous(continues), CS=collection set, F=free, OA=open archive, CA=closed archive, TAMS=top-at-mark-start (previous, next)
|   0|0x0000000082000000, 0x0000000082100000, 0x0000000082100000|100%|HS|  |TAMS 0x0000000082100000, 0x0000000082000000| Complete 
|   1|0x0000000082100000, 0x0000000082200000, 0x0000000082200000|100%| O|  |TAMS 0x0000000082200000, 0x0000000082100000| Untracked 
|   2|0x0000000082200000, 0x0000000082300000, 0x0000000082300000|100%| O|  |TAMS 0x0000000082300000, 0x0000000082200000| Untracked 
|   3|0x0000000082300000, 0x0000000082400000, 0x0000000082400000|100%| O|  |TAMS 0x0000000082400000, 0x0000000082300000| Untracked 
|   4|0x0000000082400000, 0x0000000082500000, 0x0000000082500000|100%| O|  |TAMS 0x0000000082500000, 0x0000000082400000| Untracked 
|   5|0x0000000082500000, 0x0000000082600000, 0x0000000082600000|100%| O|  |TAMS 0x0000000082600000, 0x0000000082500000| Untracked 
|   6|0x0000000082600000, 0x0000000082700000, 0x0000000082700000|100%| O|  |TAMS 0x0000000082700000, 0x0000000082600000| Untracked 
|   7|0x0000000082700000, 0x0000000082800000, 0x0000000082800000|100%| O|  |TAMS 0x0000000082800000, 0x0000000082700000| Untracked 
|   8|0x0000000082800000, 0x0000000082900000, 0x0000000082900000|100%| O|  |TAMS 0x0000000082900000, 0x0000000082800000| Untracked 
|   9|0x0000000082900000, 0x0000000082a00000, 0x0000000082a00000|100%| O|  |TAMS 0x0000000082a00000, 0x0000000082900000| Untracked 
|  10|0x0000000082a00000, 0x0000000082b00000, 0x0000000082b00000|100%| O|  |TAMS 0x0000000082b00000, 0x0000000082a00000| Untracked 
|  11|0x0000000082b00000, 0x0000000082c00000, 0x0000000082c00000|100%|HS|  |TAMS 0x0000000082c00000, 0x0000000082b00000| Complete 
|  12|0x0000000082c00000, 0x0000000082d00000, 0x0000000082d00000|100%| O|  |TAMS 0x0000000082d00000, 0x0000000082c00000| Untracked 
|  13|0x0000000082d00000, 0x0000000082e00000, 0x0000000082e00000|100%|HS|  |TAMS 0x0000000082e00000, 0x0000000082d00000| Complete 
|  14|0x0000000082e00000, 0x0000000082f00000, 0x0000000082f00000|100%|HC|  |TAMS 0x0000000082f00000, 0x0000000082e00000| Complete 
|  15|0x0000000082f00000, 0x0000000083000000, 0x0000000083000000|100%| O|  |TAMS 0x0000000083000000, 0x0000000082f00000| Untracked 
|  16|0x0000000083000000, 0x0000000083100000, 0x0000000083100000|100%| O|  |TAMS 0x0000000083100000, 0x0000000083000000| Untracked 
|  17|0x0000000083100000, 0x0000000083200000, 0x0000000083200000|100%| O|  |TAMS 0x0000000083200000, 0x0000000083100000| Untracked 
|  18|0x0000000083200000, 0x00000000832e8000, 0x0000000083300000| 90%| O|  |TAMS 0x00000000832e8000, 0x0000000083200000| Untracked 
|  19|0x0000000083300000, 0x0000000083400000, 0x0000000083400000|100%|HS|  |TAMS 0x0000000083400000, 0x0000000083300000| Complete 
|  20|0x0000000083400000, 0x0000000083400000, 0x0000000083500000|  0%| F|  |TAMS 0x0000000083400000, 0x0000000083400000| Untracked 
|  21|0x0000000083500000, 0x0000000083500000, 0x0000000083600000|  0%| F|  |TAMS 0x0000000083500000, 0x0000000083500000| Untracked 
|  22|0x0000000083600000, 0x0000000083600000, 0x0000000083700000|  0%| F|  |TAMS 0x0000000083600000, 0x0000000083600000| Untracked 
|  23|0x0000000083700000, 0x0000000083700000, 0x0000000083800000|  0%| F|  |TAMS 0x0000000083700000, 0x0000000083700000| Untracked 
|  24|0x0000000083800000, 0x0000000083900000, 0x0000000083900000|100%|HS|  |TAMS 0x0000000083900000, 0x0000000083800000| Complete 
|  25|0x0000000083900000, 0x0000000083a00000, 0x0000000083a00000|100%|HC|  |TAMS 0x0000000083a00000, 0x0000000083900000| Complete 
|  26|0x0000000083a00000, 0x0000000083b00000, 0x0000000083b00000|100%|HC|  |TAMS 0x0000000083b00000, 0x0000000083a00000| Complete 
|  27|0x0000000083b00000, 0x0000000083c00000, 0x0000000083c00000|100%|HC|  |TAMS 0x0000000083c00000, 0x0000000083b00000| Complete 
|  28|0x0000000083c00000, 0x0000000083d00000, 0x0000000083d00000|100%|HC|  |TAMS 0x0000000083d00000, 0x0000000083c00000| Complete 
|  29|0x0000000083d00000, 0x0000000083e00000, 0x0000000083e00000|100%|HS|  |TAMS 0x0000000083d00000, 0x0000000083d00000| Complete 
|  30|0x0000000083e00000, 0x0000000083f00000, 0x0000000083f00000|100%|HC|  |TAMS 0x0000000083e00000, 0x0000000083e00000| Complete 
|  31|0x0000000083f00000, 0x0000000084000000, 0x0000000084000000|100%|HC|  |TAMS 0x0000000083f00000, 0x0000000083f00000| Complete 
|  32|0x0000000084000000, 0x0000000084100000, 0x0000000084100000|100%|HC|  |TAMS 0x0000000084000000, 0x0000000084000000| Complete 
|  33|0x0000000084100000, 0x0000000084200000, 0x0000000084200000|100%|HC|  |TAMS 0x0000000084100000, 0x0000000084100000| Complete 
|  34|0x0000000084200000, 0x0000000084200000, 0x0000000084300000|  0%| F|  |TAMS 0x0000000084200000, 0x0000000084200000| Untracked 
|  35|0x0000000084300000, 0x0000000084300000, 0x0000000084400000|  0%| F|  |TAMS 0x0000000084300000, 0x0000000084300000| Untracked 
|  36|0x0000000084400000, 0x0000000084400000, 0x0000000084500000|  0%| F|  |TAMS 0x0000000084400000, 0x0000000084400000| Untracked 
|  37|0x0000000084500000, 0x0000000084500000, 0x0000000084600000|  0%| F|  |TAMS 0x0000000084500000, 0x0000000084500000| Untracked 
|  38|0x0000000084600000, 0x0000000084600000, 0x0000000084700000|  0%| F|  |TAMS 0x0000000084600000, 0x0000000084600000| Untracked 
|  39|0x0000000084700000, 0x0000000084700000, 0x0000000084800000|  0%| F|  |TAMS 0x0000000084700000, 0x0000000084700000| Untracked 
|  40|0x0000000084800000, 0x0000000084800000, 0x0000000084900000|  0%| F|  |TAMS 0x0000000084800000, 0x0000000084800000| Untracked 
|  41|0x0000000084900000, 0x0000000084900000, 0x0000000084a00000|  0%| F|  |TAMS 0x0000000084900000, 0x0000000084900000| Untracked 
|  42|0x0000000084a00000, 0x0000000084a00000, 0x0000000084b00000|  0%| F|  |TAMS 0x0000000084a00000, 0x0000000084a00000| Untracked 
|  43|0x0000000084b00000, 0x0000000084b00000, 0x0000000084c00000|  0%| F|  |TAMS 0x0000000084b00000, 0x0000000084b00000| Untracked 
|  44|0x0000000084c00000, 0x0000000084c00000, 0x0000000084d00000|  0%| F|  |TAMS 0x0000000084c00000, 0x0000000084c00000| Untracked 
|  45|0x0000000084d00000, 0x0000000084e00000, 0x0000000084e00000|100%| E|  |TAMS 0x0000000084d00000, 0x0000000084d00000| Complete 
|  80|0x0000000087000000, 0x0000000087100000, 0x0000000087100000|100%| E|CS|TAMS 0x0000000087000000, 0x0000000087000000| Complete 
|  81|0x0000000087100000, 0x0000000087200000, 0x0000000087200000|100%| E|CS|TAMS 0x0000000087100000, 0x0000000087100000| Complete 
|  82|0x0000000087200000, 0x0000000087300000, 0x0000000087300000|100%| E|CS|TAMS 0x0000000087200000, 0x0000000087200000| Complete 
|  83|0x0000000087300000, 0x00000000873fff50, 0x0000000087400000| 99%| E|  |TAMS 0x0000000087300000, 0x0000000087300000| Complete 
|  84|0x0000000087400000, 0x0000000087500000, 0x0000000087500000|100%| E|CS|TAMS 0x0000000087400000, 0x0000000087400000| Complete 
|  85|0x0000000087500000, 0x00000000875bae80, 0x0000000087600000| 73%| S|CS|TAMS 0x0000000087500000, 0x0000000087500000| Complete 
|  91|0x0000000087b00000, 0x0000000087c00000, 0x0000000087c00000|100%| E|CS|TAMS 0x0000000087b00000, 0x0000000087b00000| Complete 
| 125|0x0000000089d00000, 0x0000000089e00000, 0x0000000089e00000|100%| E|CS|TAMS 0x0000000089d00000, 0x0000000089d00000| Complete 

Card table byte_map: [0x0000015617660000,0x0000015617a50000] _byte_map_base: 0x0000015617250000

Marking Bits (Prev, Next): (CMBitMap*) 0x000001567fc6a840, (CMBitMap*) 0x000001567fc6a880
 Prev Bits: [0x0000015617e40000, 0x0000015619dc0000)
 Next Bits: [0x0000015619dc0000, 0x000001561bd40000)

Polling page: 0x000001567e410000

Metaspace:

Usage:
  Non-class:     37.77 MB used.
      Class:      6.11 MB used.
       Both:     43.88 MB used.

Virtual space:
  Non-class space:       64.00 MB reserved,      37.94 MB ( 59%) committed,  1 nodes.
      Class space:        1.00 GB reserved,       6.25 MB ( <1%) committed,  1 nodes.
             Both:        1.06 GB reserved,      44.19 MB (  4%) committed. 

Chunk freelists:
   Non-Class:  9.80 MB
       Class:  9.77 MB
        Both:  19.56 MB

MaxMetaspaceSize: unlimited
CompressedClassSpaceSize: 1.00 GB
Initial GC threshold: 21.00 MB
Current GC threshold: 71.50 MB
CDS: on
MetaspaceReclaimPolicy: balanced
 - commit_granule_bytes: 65536.
 - commit_granule_words: 8192.
 - virtual_space_node_default_size: 8388608.
 - enlarge_chunks_in_place: 1.
 - new_chunks_are_fully_committed: 0.
 - uncommit_free_chunks: 1.
 - use_allocation_guard: 0.
 - handle_deallocations: 1.


Internal statistics:

num_allocs_failed_limit: 6.
num_arena_births: 352.
num_arena_deaths: 0.
num_vsnodes_births: 2.
num_vsnodes_deaths: 0.
num_space_committed: 707.
num_space_uncommitted: 0.
num_chunks_returned_to_freelist: 6.
num_chunks_taken_from_freelist: 1818.
num_chunk_merges: 6.
num_chunk_splits: 1328.
num_chunks_enlarged: 1081.
num_inconsistent_stats: 0.

CodeHeap 'non-profiled nmethods': size=120000Kb used=2753Kb max_used=2753Kb free=117246Kb
 bounds [0x000001560f5d0000, 0x000001560f890000, 0x0000015616b00000]
CodeHeap 'profiled nmethods': size=120000Kb used=10795Kb max_used=10795Kb free=109204Kb
 bounds [0x0000015607b00000, 0x0000015608590000, 0x000001560f030000]
CodeHeap 'non-nmethods': size=5760Kb used=1626Kb max_used=1692Kb free=4133Kb
 bounds [0x000001560f030000, 0x000001560f2a0000, 0x000001560f5d0000]
 total_blobs=6130 nmethods=5174 adapters=868
 compilation: enabled
              stopped_count=0, restarted_count=0
 full_count=0

Compilation events (20 events):
Event: 52.477 Thread 0x000001561e80e760 5118       3       javafx.collections.FXCollections::unmodifiableObservableList (21 bytes)
Event: 52.477 Thread 0x000001561e80e760 nmethod 5118 0x0000015608557b10 code [0x0000015608557ce0, 0x0000015608557f78]
Event: 52.477 Thread 0x000001561e80e760 5119       3       javafx.collections.FXCollections$UnmodifiableObservableListImpl::<init> (40 bytes)
Event: 52.478 Thread 0x000001561e80e760 nmethod 5119 0x0000015608558090 code [0x0000015608558340, 0x00000156085591d8]
Event: 52.479 Thread 0x000001561e80e760 5120       3       javafx.scene.Node::parentPropertyImpl (24 bytes)
Event: 52.479 Thread 0x000001561e80e760 nmethod 5120 0x0000015608559710 code [0x00000156085598e0, 0x0000015608559de8]
Event: 52.479 Thread 0x000001561e80e760 5121       3       com.sun.javafx.css.SelectorPartitioning::match (696 bytes)
Event: 52.483 Thread 0x000001561e80e760 nmethod 5121 0x0000015608559f90 code [0x000001560855a4a0, 0x000001560855dc98]
Event: 52.483 Thread 0x000001561e80e760 5122       3       javafx.scene.Node::setParent (9 bytes)
Event: 52.484 Thread 0x000001561e80e760 nmethod 5122 0x000001560855f210 code [0x000001560855f400, 0x000001560855f938]
Event: 52.484 Thread 0x000001561e80e760 5123       3       javafx.scene.Node$2::invalidated (236 bytes)
Event: 52.489 Thread 0x000001561e80e760 nmethod 5123 0x000001560855fb10 code [0x00000156085601a0, 0x0000015608564708]
Event: 52.489 Thread 0x000001561e80e760 5124       3       javafx.scene.Node$4::onChanged (8 bytes)
Event: 52.489 Thread 0x000001561e80e760 nmethod 5124 0x0000015608565c90 code [0x0000015608565e40, 0x0000015608565f88]
Event: 52.494 Thread 0x000001561e805d80 nmethod 5092 0x000001560f87b390 code [0x000001560f87b5e0, 0x000001560f87d150]
Event: 52.495 Thread 0x000001561e805d80 5101       4       javafx.css.SimpleSelector::applies (221 bytes)
Event: 52.504 Thread 0x000001561e80e760 5126       3       java.lang.invoke.MethodHandleImpl::countNonNull (42 bytes)
Event: 52.504 Thread 0x000001561e80e760 nmethod 5126 0x0000015608566090 code [0x0000015608566240, 0x0000015608566498]
Event: 52.505 Thread 0x000001561e80e760 5127       3       com.sun.javafx.scene.control.inputmap.InputMap$Mapping::<init> (59 bytes)
Event: 52.506 Thread 0x000001561e80e760 nmethod 5127 0x0000015608566590 code [0x0000015608566800, 0x00000156085675d8]

GC Heap History (20 events):
Event: 4.412 GC heap before
{Heap before GC invocations=6 (full 0):
 garbage-first heap   total 40960K, used 29980K [0x0000000082000000, 0x0000000100000000)
  region size 1024K, 20 young (20480K), 1 survivors (1024K)
 Metaspace       used 29589K, committed 29824K, reserved 1114112K
  class space    used 3990K, committed 4096K, reserved 1048576K
}
Event: 4.414 GC heap after
{Heap after GC invocations=7 (full 0):
 garbage-first heap   total 40960K, used 12047K [0x0000000082000000, 0x0000000100000000)
  region size 1024K, 1 young (1024K), 1 survivors (1024K)
 Metaspace       used 29589K, committed 29824K, reserved 1114112K
  class space    used 3990K, committed 4096K, reserved 1048576K
}
Event: 4.785 GC heap before
{Heap before GC invocations=7 (full 0):
 garbage-first heap   total 40960K, used 31503K [0x0000000082000000, 0x0000000100000000)
  region size 1024K, 20 young (20480K), 1 survivors (1024K)
 Metaspace       used 31650K, committed 31872K, reserved 1114112K
  class space    used 4258K, committed 4352K, reserved 1048576K
}
Event: 4.787 GC heap after
{Heap after GC invocations=8 (full 0):
 garbage-first heap   total 40960K, used 12603K [0x0000000082000000, 0x0000000100000000)
  region size 1024K, 2 young (2048K), 2 survivors (2048K)
 Metaspace       used 31650K, committed 31872K, reserved 1114112K
  class space    used 4258K, committed 4352K, reserved 1048576K
}
Event: 5.444 GC heap before
{Heap before GC invocations=8 (full 0):
 garbage-first heap   total 40960K, used 32059K [0x0000000082000000, 0x0000000100000000)
  region size 1024K, 21 young (21504K), 2 survivors (2048K)
 Metaspace       used 35725K, committed 35968K, reserved 1114112K
  class space    used 4955K, committed 5056K, reserved 1048576K
}
Event: 5.447 GC heap after
{Heap after GC invocations=9 (full 0):
 garbage-first heap   total 40960K, used 13748K [0x0000000082000000, 0x0000000100000000)
  region size 1024K, 3 young (3072K), 3 survivors (3072K)
 Metaspace       used 35725K, committed 35968K, reserved 1114112K
  class space    used 4955K, committed 5056K, reserved 1048576K
}
Event: 5.449 GC heap before
{Heap before GC invocations=9 (full 0):
 garbage-first heap   total 40960K, used 13748K [0x0000000082000000, 0x0000000100000000)
  region size 1024K, 4 young (4096K), 3 survivors (3072K)
 Metaspace       used 35788K, committed 35968K, reserved 1114112K
  class space    used 4981K, committed 5056K, reserved 1048576K
}
Event: 5.452 GC heap after
{Heap after GC invocations=10 (full 0):
 garbage-first heap   total 40960K, used 13885K [0x0000000082000000, 0x0000000100000000)
  region size 1024K, 2 young (2048K), 2 survivors (2048K)
 Metaspace       used 35788K, committed 35968K, reserved 1114112K
  class space    used 4981K, committed 5056K, reserved 1048576K
}
Event: 51.007 GC heap before
{Heap before GC invocations=11 (full 0):
 garbage-first heap   total 40960K, used 33341K [0x0000000082000000, 0x0000000100000000)
  region size 1024K, 20 young (20480K), 2 survivors (2048K)
 Metaspace       used 39337K, committed 39616K, reserved 1114112K
  class space    used 5397K, committed 5568K, reserved 1048576K
}
Event: 51.010 GC heap after
{Heap after GC invocations=12 (full 0):
 garbage-first heap   total 40960K, used 16904K [0x0000000082000000, 0x0000000100000000)
  region size 1024K, 3 young (3072K), 3 survivors (3072K)
 Metaspace       used 39337K, committed 39616K, reserved 1114112K
  class space    used 5397K, committed 5568K, reserved 1048576K
}
Event: 51.028 GC heap before
{Heap before GC invocations=12 (full 0):
 garbage-first heap   total 40960K, used 16904K [0x0000000082000000, 0x0000000100000000)
  region size 1024K, 4 young (4096K), 3 survivors (3072K)
 Metaspace       used 39653K, committed 39872K, reserved 1114112K
  class space    used 5442K, committed 5568K, reserved 1048576K
}
Event: 51.030 GC heap after
{Heap after GC invocations=13 (full 0):
 garbage-first heap   total 40960K, used 16717K [0x0000000082000000, 0x0000000100000000)
  region size 1024K, 1 young (1024K), 1 survivors (1024K)
 Metaspace       used 39653K, committed 39872K, reserved 1114112K
  class space    used 5442K, committed 5568K, reserved 1048576K
}
Event: 51.551 GC heap before
{Heap before GC invocations=13 (full 0):
 garbage-first heap   total 40960K, used 32077K [0x0000000082000000, 0x0000000100000000)
  region size 1024K, 17 young (17408K), 1 survivors (1024K)
 Metaspace       used 42542K, committed 42816K, reserved 1114112K
  class space    used 5810K, committed 5952K, reserved 1048576K
}
Event: 51.553 GC heap after
{Heap after GC invocations=14 (full 0):
 garbage-first heap   total 40960K, used 17273K [0x0000000082000000, 0x0000000100000000)
  region size 1024K, 1 young (1024K), 1 survivors (1024K)
 Metaspace       used 42542K, committed 42816K, reserved 1114112K
  class space    used 5810K, committed 5952K, reserved 1048576K
}
Event: 52.098 GC heap before
{Heap before GC invocations=14 (full 0):
 garbage-first heap   total 40960K, used 33657K [0x0000000082000000, 0x0000000100000000)
  region size 1024K, 17 young (17408K), 1 survivors (1024K)
 Metaspace       used 43531K, committed 43904K, reserved 1114112K
  class space    used 5975K, committed 6144K, reserved 1048576K
}
Event: 52.101 GC heap after
{Heap after GC invocations=15 (full 0):
 garbage-first heap   total 40960K, used 19309K [0x0000000082000000, 0x0000000100000000)
  region size 1024K, 2 young (2048K), 2 survivors (2048K)
 Metaspace       used 43531K, committed 43904K, reserved 1114112K
  class space    used 5975K, committed 6144K, reserved 1048576K
}
Event: 52.189 GC heap before
{Heap before GC invocations=15 (full 0):
 garbage-first heap   total 40960K, used 24429K [0x0000000082000000, 0x0000000100000000)
  region size 1024K, 3 young (3072K), 2 survivors (2048K)
 Metaspace       used 43581K, committed 43904K, reserved 1114112K
  class space    used 5977K, committed 6144K, reserved 1048576K
}
Event: 52.191 GC heap after
{Heap after GC invocations=16 (full 0):
 garbage-first heap   total 40960K, used 25011K [0x0000000082000000, 0x0000000100000000)
  region size 1024K, 1 young (1024K), 1 survivors (1024K)
 Metaspace       used 43581K, committed 43904K, reserved 1114112K
  class space    used 5977K, committed 6144K, reserved 1048576K
}
Event: 52.244 GC heap before
{Heap before GC invocations=17 (full 0):
 garbage-first heap   total 46080K, used 26035K [0x0000000082000000, 0x0000000100000000)
  region size 1024K, 2 young (2048K), 1 survivors (1024K)
 Metaspace       used 43608K, committed 43904K, reserved 1114112K
  class space    used 5978K, committed 6144K, reserved 1048576K
}
Event: 52.246 GC heap after
{Heap after GC invocations=18 (full 0):
 garbage-first heap   total 46080K, used 26251K [0x0000000082000000, 0x0000000100000000)
  region size 1024K, 1 young (1024K), 1 survivors (1024K)
 Metaspace       used 43608K, committed 43904K, reserved 1114112K
  class space    used 5978K, committed 6144K, reserved 1048576K
}

Dll operation events (20 events):
Event: 0.789 Loaded shared library C:\Users\Gediminas\.openjfx\cache\17.0.0.1\api-ms-win-crt-heap-l1-1-0.dll
Event: 0.793 Loaded shared library C:\Users\Gediminas\.openjfx\cache\17.0.0.1\api-ms-win-crt-locale-l1-1-0.dll
Event: 0.796 Loaded shared library C:\Users\Gediminas\.openjfx\cache\17.0.0.1\api-ms-win-crt-math-l1-1-0.dll
Event: 0.800 Loaded shared library C:\Users\Gediminas\.openjfx\cache\17.0.0.1\api-ms-win-crt-multibyte-l1-1-0.dll
Event: 0.808 Loaded shared library C:\Users\Gediminas\.openjfx\cache\17.0.0.1\api-ms-win-crt-private-l1-1-0.dll
Event: 0.811 Loaded shared library C:\Users\Gediminas\.openjfx\cache\17.0.0.1\api-ms-win-crt-process-l1-1-0.dll
Event: 0.814 Loaded shared library C:\Users\Gediminas\.openjfx\cache\17.0.0.1\api-ms-win-crt-runtime-l1-1-0.dll
Event: 0.817 Loaded shared library C:\Users\Gediminas\.openjfx\cache\17.0.0.1\api-ms-win-crt-stdio-l1-1-0.dll
Event: 0.820 Loaded shared library C:\Users\Gediminas\.openjfx\cache\17.0.0.1\api-ms-win-crt-string-l1-1-0.dll
Event: 0.825 Loaded shared library C:\Users\Gediminas\.openjfx\cache\17.0.0.1\api-ms-win-crt-time-l1-1-0.dll
Event: 0.828 Loaded shared library C:\Users\Gediminas\.openjfx\cache\17.0.0.1\api-ms-win-crt-utility-l1-1-0.dll
Event: 0.850 Loaded shared library C:\Users\Gediminas\.openjfx\cache\17.0.0.1\ucrtbase.dll
Event: 0.857 Loaded shared library C:\Users\Gediminas\.openjfx\cache\17.0.0.1\vcruntime140.dll
Event: 0.861 Loaded shared library C:\Users\Gediminas\.openjfx\cache\17.0.0.1\vcruntime140_1.dll
Event: 0.876 Loaded shared library C:\Users\Gediminas\.openjfx\cache\17.0.0.1\msvcp140.dll
Event: 0.980 Loaded shared library C:\Users\Gediminas\.openjfx\cache\17.0.0.1\prism_d3d.dll
Event: 1.049 Loaded shared library C:\Users\Gediminas\.openjfx\cache\17.0.0.1\glass.dll
Event: 1.225 Loaded shared library C:\Users\Gediminas\.jdks\azul-17.0.9\bin\jimage.dll
Event: 1.547 Loaded shared library C:\Users\Gediminas\.openjfx\cache\17.0.0.1\javafx_font.dll
Event: 2.461 Loaded shared library C:\Users\Gediminas\.jdks\azul-17.0.9\bin\verify.dll

Deoptimization events (20 events):
Event: 52.323 Thread 0x0000015665041580 DEOPT PACKING pc=0x00000156083e167c sp=0x0000003817dfb890
Event: 52.323 Thread 0x0000015665041580 DEOPT UNPACKING pc=0x000001560f087143 sp=0x0000003817dfaed0 mode 1
Event: 52.323 Thread 0x0000015665041580 DEOPT PACKING pc=0x0000015607f163ec sp=0x0000003817dfb6d0
Event: 52.323 Thread 0x0000015665041580 DEOPT UNPACKING pc=0x000001560f087143 sp=0x0000003817dfac20 mode 1
Event: 52.323 Thread 0x0000015665041580 DEOPT PACKING pc=0x00000156083e167c sp=0x0000003817dfb7e0
Event: 52.323 Thread 0x0000015665041580 DEOPT UNPACKING pc=0x000001560f087143 sp=0x0000003817dfae20 mode 1
Event: 52.323 Thread 0x0000015665041580 DEOPT PACKING pc=0x0000015607f163ec sp=0x0000003817dfb800
Event: 52.324 Thread 0x0000015665041580 DEOPT UNPACKING pc=0x000001560f087143 sp=0x0000003817dfad50 mode 1
Event: 52.324 Thread 0x0000015665041580 DEOPT PACKING pc=0x00000156083c9f34 sp=0x0000003817dfb910
Event: 52.324 Thread 0x0000015665041580 DEOPT UNPACKING pc=0x000001560f087143 sp=0x0000003817dfae18 mode 1
Event: 52.324 Thread 0x0000015665041580 DEOPT PACKING pc=0x0000015607f163ec sp=0x0000003817dfb620
Event: 52.324 Thread 0x0000015665041580 DEOPT UNPACKING pc=0x000001560f087143 sp=0x0000003817dfab70 mode 1
Event: 52.324 Thread 0x0000015665041580 DEOPT PACKING pc=0x00000156083e167c sp=0x0000003817dfb730
Event: 52.324 Thread 0x0000015665041580 DEOPT UNPACKING pc=0x000001560f087143 sp=0x0000003817dfad70 mode 1
Event: 52.324 Thread 0x0000015665041580 DEOPT PACKING pc=0x0000015607f163ec sp=0x0000003817dfb570
Event: 52.324 Thread 0x0000015665041580 DEOPT UNPACKING pc=0x000001560f087143 sp=0x0000003817dfaac0 mode 1
Event: 52.324 Thread 0x0000015665041580 DEOPT PACKING pc=0x00000156083e167c sp=0x0000003817dfb680
Event: 52.324 Thread 0x0000015665041580 DEOPT UNPACKING pc=0x000001560f087143 sp=0x0000003817dfacc0 mode 1
Event: 52.327 Thread 0x0000015665041580 DEOPT PACKING pc=0x0000015607d97b3c sp=0x0000003817dfbb20
Event: 52.327 Thread 0x0000015665041580 DEOPT UNPACKING pc=0x000001560f087143 sp=0x0000003817dfaff8 mode 1

Classes unloaded (0 events):
No events

Classes redefined (0 events):
No events

Internal exceptions (20 events):
Event: 4.809 Thread 0x0000015665041580 Exception <a 'sun/nio/fs/WindowsException'{0x0000000087b264c0}> (0x0000000087b264c0) 
thrown [s\src\hotspot\share\prims\jni.cpp, line 516]
Event: 4.809 Thread 0x0000015665041580 Exception <a 'sun/nio/fs/WindowsException'{0x0000000087b2b2c0}> (0x0000000087b2b2c0) 
thrown [s\src\hotspot\share\prims\jni.cpp, line 516]
Event: 5.143 Thread 0x0000015665041580 Exception <a 'sun/nio/fs/WindowsException'{0x0000000087144888}> (0x0000000087144888) 
thrown [s\src\hotspot\share\prims\jni.cpp, line 516]
Event: 5.203 Thread 0x0000015665041580 Implicit null exception at 0x000001560f674623 to 0x000001560f674cf8
Event: 5.204 Thread 0x0000015665041580 Implicit null exception at 0x000001560f6705a6 to 0x000001560f670c48
Event: 5.346 Thread 0x0000015665041580 Exception <a 'java/lang/ClassNotFoundException'{0x00000000839752e8}: com/sun/javafx/scene/control/skin/resources/controls> (0x00000000839752e8) 
thrown [s\src\hotspot\share\prims\jni.cpp, line 535]
Event: 5.347 Thread 0x0000015665041580 Exception <a 'java/lang/ClassNotFoundException'{0x00000000839833f8}: com/sun/javafx/scene/control/skin/resources/controls_en> (0x00000000839833f8) 
thrown [s\src\hotspot\share\prims\jni.cpp, line 535]
Event: 5.347 Thread 0x0000015665041580 Exception <a 'java/lang/ClassNotFoundException'{0x0000000083984740}: com/sun/javafx/scene/control/skin/resources/controls_en_US> (0x0000000083984740) 
thrown [s\src\hotspot\share\prims\jni.cpp, line 535]
Event: 5.396 Thread 0x0000015665041580 Exception <a 'java/lang/NoSuchMethodError'{0x0000000083776b88}: 'void java.lang.invoke.DirectMethodHandle$Holder.invokeSpecial(java.lang.Object, java.lang.Object, java.lang.Object, java.lang.Object, java.lang.Object, java.lang.Object)'> (0x0000000083776b88) 
thrown [s\src\hotspot\share\interpreter\linkResolver.cpp, line 759]
Event: 5.484 Thread 0x0000015665041580 Exception <a 'java/lang/NoSuchMethodError'{0x000000008745ba10}: 'java.lang.Object java.lang.invoke.DirectMethodHandle$Holder.invokeInterface(java.lang.Object, java.lang.Object, java.lang.Object)'> (0x000000008745ba10) 
thrown [s\src\hotspot\share\interpreter\linkResolver.cpp, line 759]
Event: 5.484 Thread 0x0000015665041580 Exception <a 'java/lang/IncompatibleClassChangeError'{0x000000008745f0d8}: Found class java.lang.Object, but interface was expected> (0x000000008745f0d8) 
thrown [s\src\hotspot\share\interpreter\linkResolver.cpp, line 826]
Event: 5.534 Thread 0x0000015665041580 Exception <a 'java/lang/NoSuchMethodError'{0x00000000872069c8}: 'java.lang.Object java.lang.invoke.DirectMethodHandle$Holder.newInvokeSpecial(java.lang.Object, java.lang.Object, int)'> (0x00000000872069c8) 
thrown [s\src\hotspot\share\interpreter\linkResolver.cpp, line 759]
Event: 5.558 Thread 0x0000015664cf0d60 Exception <a 'java/lang/NoSuchMethodError'{0x0000000087295018}: 'int java.lang.invoke.DirectMethodHandle$Holder.invokeStaticInit(java.lang.Object, java.lang.Object)'> (0x0000000087295018) 
thrown [s\src\hotspot\share\interpreter\linkResolver.cpp, line 759]
Event: 5.559 Thread 0x0000015665041580 Exception <a 'java/lang/NoSuchMethodError'{0x00000000872aec28}: 'long java.lang.invoke.DirectMethodHandle$Holder.invokeStatic(java.lang.Object, java.lang.Object, java.lang.Object)'> (0x00000000872aec28) 
thrown [s\src\hotspot\share\interpreter\linkResolver.cpp, line 759]
Event: 5.559 Thread 0x0000015665041580 Exception <a 'java/lang/NoSuchMethodError'{0x00000000872b23d0}: 'long java.lang.invoke.DirectMethodHandle$Holder.invokeStaticInit(java.lang.Object, java.lang.Object, java.lang.Object)'> (0x00000000872b23d0) 
thrown [s\src\hotspot\share\interpreter\linkResolver.cpp, line 759]
Event: 5.562 Thread 0x0000015665041580 Exception <a 'java/lang/NoSuchMethodError'{0x00000000872c9fd8}: 'java.lang.Object java.lang.invoke.DirectMethodHandle$Holder.newInvokeSpecial(java.lang.Object, java.lang.Object, long)'> (0x00000000872c9fd8) 
thrown [s\src\hotspot\share\interpreter\linkResolver.cpp, line 759]
Event: 5.562 Thread 0x0000015665041580 Exception <a 'java/lang/NoSuchMethodError'{0x00000000872cdb48}: 'java.lang.Object java.lang.invoke.Invokers$Holder.linkToTargetMethod(java.lang.Object, long, java.lang.Object)'> (0x00000000872cdb48) 
thrown [s\src\hotspot\share\interpreter\linkResolver.cpp, line 759]
Event: 51.148 Thread 0x0000015665041580 Exception <a 'java/lang/NoSuchMethodError'{0x0000000087045318}: 'java.lang.Object java.lang.invoke.DirectMethodHandle$Holder.invokeStaticInit(java.lang.Object, java.lang.Object, java.lang.Object, java.lang.Object, java.lang.Object, java.lang.Object)'> (0x0000000087045318) 
thrown [s\src\hotspot\share\interpreter\linkResolver.cpp, line 759]
Event: 51.156 Thread 0x0000015665041580 Exception <a 'java/lang/NoSuchMethodError'{0x00000000870bc668}: 'void java.lang.invoke.DirectMethodHandle$Holder.invokeInterface(java.lang.Object, java.lang.Object, java.lang.Object)'> (0x00000000870bc668) 
thrown [s\src\hotspot\share\interpreter\linkResolver.cpp, line 759]
Event: 51.421 Thread 0x0000015665041580 Exception <a 'java/lang/NullPointerException'{0x0000000083ba6c98}> (0x0000000083ba6c98) 
thrown [s\src\hotspot\share\interpreter\linkResolver.cpp, line 1350]

VM Operations (20 events):
Event: 51.551 Executing VM operation: G1CollectForAllocation
Event: 51.553 Executing VM operation: G1CollectForAllocation done
Event: 52.098 Executing VM operation: G1TryInitiateConcMark
Event: 52.101 Executing VM operation: G1TryInitiateConcMark done
Event: 52.189 Executing VM operation: G1TryInitiateConcMark
Event: 52.191 Executing VM operation: G1TryInitiateConcMark done
Event: 52.218 Executing VM operation: G1PauseRemark
Event: 52.224 Executing VM operation: G1PauseRemark done
Event: 52.224 Executing VM operation: G1PauseCleanup
Event: 52.228 Executing VM operation: G1PauseCleanup done
Event: 52.244 Executing VM operation: G1TryInitiateConcMark
Event: 52.246 Executing VM operation: G1TryInitiateConcMark done
Event: 52.274 Executing VM operation: G1PauseRemark
Event: 52.280 Executing VM operation: G1PauseRemark done
Event: 52.280 Executing VM operation: G1PauseCleanup
Event: 52.281 Executing VM operation: G1PauseCleanup done
Event: 52.449 Executing VM operation: HandshakeAllThreads
Event: 52.449 Executing VM operation: HandshakeAllThreads done
Event: 52.485 Executing VM operation: HandshakeAllThreads
Event: 52.485 Executing VM operation: HandshakeAllThreads done

Events (20 events):
Event: 52.505 loading class com/sun/javafx/scene/control/behavior/TableViewBehaviorBase
Event: 52.505 loading class com/sun/javafx/scene/control/behavior/TableViewBehaviorBase done
Event: 52.505 loading class javafx/scene/input/KeyEvent
Event: 52.505 loading class javafx/scene/input/KeyEvent done
Event: 52.505 loading class com/sun/javafx/scene/control/behavior/TableViewBehaviorBase
Event: 52.505 loading class com/sun/javafx/scene/control/behavior/TableViewBehaviorBase done
Event: 52.505 loading class javafx/scene/input/KeyEvent
Event: 52.505 loading class javafx/scene/input/KeyEvent done
Event: 52.505 loading class com/sun/javafx/scene/control/behavior/TableViewBehaviorBase
Event: 52.505 loading class com/sun/javafx/scene/control/behavior/TableViewBehaviorBase done
Event: 52.505 loading class javafx/scene/input/KeyEvent
Event: 52.505 loading class javafx/scene/input/KeyEvent done
Event: 52.506 loading class com/sun/javafx/scene/control/behavior/TableViewBehaviorBase
Event: 52.506 loading class com/sun/javafx/scene/control/behavior/TableViewBehaviorBase done
Event: 52.506 loading class javafx/scene/input/KeyEvent
Event: 52.506 loading class javafx/scene/input/KeyEvent done
Event: 52.506 loading class com/sun/javafx/scene/control/behavior/TableViewBehaviorBase
Event: 52.506 loading class com/sun/javafx/scene/control/behavior/TableViewBehaviorBase done
Event: 52.506 loading class javafx/scene/input/KeyEvent
Event: 52.506 loading class javafx/scene/input/KeyEvent done


Dynamic libraries:
0x00007ff625960000 - 0x00007ff62596e000 	C:\Users\Gediminas\.jdks\azul-17.0.9\bin\java.exe
0x00007ffa1bfd0000 - 0x00007ffa1c1c8000 	C:\WINDOWS\SYSTEM32\ntdll.dll
0x00007ffa1a770000 - 0x00007ffa1a82d000 	C:\WINDOWS\System32\KERNEL32.DLL
0x00007ffa19ce0000 - 0x00007ffa19fd6000 	C:\WINDOWS\System32\KERNELBASE.dll
0x00007ffa19be0000 - 0x00007ffa19ce0000 	C:\WINDOWS\System32\ucrtbase.dll
0x00007ffa13500000 - 0x00007ffa13519000 	C:\Users\Gediminas\.jdks\azul-17.0.9\bin\jli.dll
0x00007ff9f0590000 - 0x00007ff9f05ab000 	C:\Users\Gediminas\.jdks\azul-17.0.9\bin\VCRUNTIME140.dll
0x00007ffa1a5d0000 - 0x00007ffa1a76e000 	C:\WINDOWS\System32\USER32.dll
0x00007ffa05460000 - 0x00007ffa056fa000 	C:\WINDOWS\WinSxS\amd64_microsoft.windows.common-controls_6595b64144ccf1df_6.0.19041.3636_none_60b6a03d71f818d5\COMCTL32.dll
0x00007ffa19900000 - 0x00007ffa19922000 	C:\WINDOWS\System32\win32u.dll
0x00007ffa1ac10000 - 0x00007ffa1ac3c000 	C:\WINDOWS\System32\GDI32.dll
0x00007ffa1b760000 - 0x00007ffa1b7fe000 	C:\WINDOWS\System32\msvcrt.dll
0x00007ffa196b0000 - 0x00007ffa197ca000 	C:\WINDOWS\System32\gdi32full.dll
0x00007ffa19a90000 - 0x00007ffa19b2d000 	C:\WINDOWS\System32\msvcp_win.dll
0x00007ffa1a8e0000 - 0x00007ffa1a910000 	C:\WINDOWS\System32\IMM32.DLL
0x00007ffa15110000 - 0x00007ffa1511c000 	C:\Users\Gediminas\.jdks\azul-17.0.9\bin\vcruntime140_1.dll
0x00007ff9ec140000 - 0x00007ff9ec1cd000 	C:\Users\Gediminas\.jdks\azul-17.0.9\bin\msvcp140.dll
0x00007ff977210000 - 0x00007ff977e77000 	C:\Users\Gediminas\.jdks\azul-17.0.9\bin\server\jvm.dll
0x00007ffa1a830000 - 0x00007ffa1a8df000 	C:\WINDOWS\System32\ADVAPI32.dll
0x00007ffa1ba00000 - 0x00007ffa1ba9c000 	C:\WINDOWS\System32\sechost.dll
0x00007ffa1a4a0000 - 0x00007ffa1a5c6000 	C:\WINDOWS\System32\RPCRT4.dll
0x00007ffa019d0000 - 0x00007ffa019d9000 	C:\WINDOWS\SYSTEM32\WSOCK32.dll
0x00007ffa06320000 - 0x00007ffa06347000 	C:\WINDOWS\SYSTEM32\WINMM.dll
0x00007ffa18c60000 - 0x00007ffa18cab000 	C:\WINDOWS\SYSTEM32\POWRPROF.dll
0x00007ffa12660000 - 0x00007ffa1266a000 	C:\WINDOWS\SYSTEM32\VERSION.dll
0x00007ffa1b8e0000 - 0x00007ffa1b94b000 	C:\WINDOWS\System32\WS2_32.dll
0x00007ffa18ad0000 - 0x00007ffa18ae2000 	C:\WINDOWS\SYSTEM32\UMPDC.dll
0x00007ffa17f00000 - 0x00007ffa17f12000 	C:\WINDOWS\SYSTEM32\kernel.appcore.dll
0x00007ffa134f0000 - 0x00007ffa134fa000 	C:\Users\Gediminas\.jdks\azul-17.0.9\bin\jimage.dll
0x00007ffa17300000 - 0x00007ffa174e4000 	C:\WINDOWS\SYSTEM32\DBGHELP.DLL
0x00007ff9fd230000 - 0x00007ff9fd264000 	C:\WINDOWS\SYSTEM32\dbgcore.DLL
0x00007ffa197d0000 - 0x00007ffa19852000 	C:\WINDOWS\System32\bcryptPrimitives.dll
0x00007ff9ed110000 - 0x00007ff9ed14b000 	C:\Users\Gediminas\.jdks\azul-17.0.9\bin\jdwp.dll
0x00007ff9fc020000 - 0x00007ff9fc02e000 	C:\Users\Gediminas\.jdks\azul-17.0.9\bin\instrument.dll
0x00007ff9f0560000 - 0x00007ff9f0585000 	C:\Users\Gediminas\.jdks\azul-17.0.9\bin\java.dll
0x00007ff9ee640000 - 0x00007ff9ee658000 	C:\Users\Gediminas\.jdks\azul-17.0.9\bin\zip.dll
0x00007ff9d2f40000 - 0x00007ff9d3017000 	C:\Users\Gediminas\.jdks\azul-17.0.9\bin\jsvml.dll
0x00007ffa1b010000 - 0x00007ffa1b754000 	C:\WINDOWS\System32\SHELL32.dll
0x00007ffa17750000 - 0x00007ffa17eeb000 	C:\WINDOWS\SYSTEM32\windows.storage.dll
0x00007ffa1a0d0000 - 0x00007ffa1a424000 	C:\WINDOWS\System32\combase.dll
0x00007ffa190f0000 - 0x00007ffa1911d000 	C:\WINDOWS\SYSTEM32\Wldp.dll
0x00007ffa1b950000 - 0x00007ffa1b9fd000 	C:\WINDOWS\System32\SHCORE.dll
0x00007ffa1b800000 - 0x00007ffa1b855000 	C:\WINDOWS\System32\shlwapi.dll
0x00007ffa195e0000 - 0x00007ffa19605000 	C:\WINDOWS\SYSTEM32\profapi.dll
0x00007ff9f0540000 - 0x00007ff9f0559000 	C:\Users\Gediminas\.jdks\azul-17.0.9\bin\net.dll
0x00007ffa0ebc0000 - 0x00007ffa0ecca000 	C:\WINDOWS\SYSTEM32\WINHTTP.dll
0x00007ffa18e50000 - 0x00007ffa18eba000 	C:\WINDOWS\system32\mswsock.dll
0x00007ff9efeb0000 - 0x00007ff9efec6000 	C:\Users\Gediminas\.jdks\azul-17.0.9\bin\nio.dll
0x00007ff9fc010000 - 0x00007ff9fc01c000 	C:\Users\Gediminas\.jdks\azul-17.0.9\bin\dt_socket.dll
0x00007ffa18af0000 - 0x00007ffa18b2b000 	C:\WINDOWS\SYSTEM32\IPHLPAPI.DLL
0x000001561ee80000 - 0x000001561ee83000 	C:\Users\Gediminas\.openjfx\cache\17.0.0.1\api-ms-win-core-console-l1-1-0.dll
0x000001561ed70000 - 0x000001561ed73000 	C:\Users\Gediminas\.openjfx\cache\17.0.0.1\api-ms-win-core-console-l1-2-0.dll
0x000001561ed80000 - 0x000001561ed83000 	C:\Users\Gediminas\.openjfx\cache\17.0.0.1\api-ms-win-core-datetime-l1-1-0.dll
0x000001561ed90000 - 0x000001561ed93000 	C:\Users\Gediminas\.openjfx\cache\17.0.0.1\api-ms-win-core-debug-l1-1-0.dll
0x000001561eda0000 - 0x000001561eda3000 	C:\Users\Gediminas\.openjfx\cache\17.0.0.1\api-ms-win-core-errorhandling-l1-1-0.dll
0x000001561edb0000 - 0x000001561edb4000 	C:\Users\Gediminas\.openjfx\cache\17.0.0.1\api-ms-win-core-file-l1-1-0.dll
0x000001561edc0000 - 0x000001561edc3000 	C:\Users\Gediminas\.openjfx\cache\17.0.0.1\api-ms-win-core-file-l1-2-0.dll
0x000001561edd0000 - 0x000001561edd3000 	C:\Users\Gediminas\.openjfx\cache\17.0.0.1\api-ms-win-core-file-l2-1-0.dll
0x000001561ede0000 - 0x000001561ede3000 	C:\Users\Gediminas\.openjfx\cache\17.0.0.1\api-ms-win-core-handle-l1-1-0.dll
0x000001561edf0000 - 0x000001561edf3000 	C:\Users\Gediminas\.openjfx\cache\17.0.0.1\api-ms-win-core-heap-l1-1-0.dll
0x000001561ee00000 - 0x000001561ee03000 	C:\Users\Gediminas\.openjfx\cache\17.0.0.1\api-ms-win-core-interlocked-l1-1-0.dll
0x000001561ee10000 - 0x000001561ee13000 	C:\Users\Gediminas\.openjfx\cache\17.0.0.1\api-ms-win-core-libraryloader-l1-1-0.dll
0x000001561ee20000 - 0x000001561ee23000 	C:\Users\Gediminas\.openjfx\cache\17.0.0.1\api-ms-win-core-localization-l1-2-0.dll
0x000001561ee30000 - 0x000001561ee33000 	C:\Users\Gediminas\.openjfx\cache\17.0.0.1\api-ms-win-core-memory-l1-1-0.dll
0x000001561ee40000 - 0x000001561ee43000 	C:\Users\Gediminas\.openjfx\cache\17.0.0.1\api-ms-win-core-namedpipe-l1-1-0.dll
0x000001561ee50000 - 0x000001561ee53000 	C:\Users\Gediminas\.openjfx\cache\17.0.0.1\api-ms-win-core-processenvironment-l1-1-0.dll
0x000001561ee60000 - 0x000001561ee63000 	C:\Users\Gediminas\.openjfx\cache\17.0.0.1\api-ms-win-core-processthreads-l1-1-0.dll
0x000001561ee70000 - 0x000001561ee73000 	C:\Users\Gediminas\.openjfx\cache\17.0.0.1\api-ms-win-core-processthreads-l1-1-1.dll
0x000001561ee90000 - 0x000001561ee93000 	C:\Users\Gediminas\.openjfx\cache\17.0.0.1\api-ms-win-core-profile-l1-1-0.dll
0x000001561eea0000 - 0x000001561eea3000 	C:\Users\Gediminas\.openjfx\cache\17.0.0.1\api-ms-win-core-rtlsupport-l1-1-0.dll
0x000001561eeb0000 - 0x000001561eeb3000 	C:\Users\Gediminas\.openjfx\cache\17.0.0.1\api-ms-win-core-string-l1-1-0.dll
0x000001561eec0000 - 0x000001561eec3000 	C:\Users\Gediminas\.openjfx\cache\17.0.0.1\api-ms-win-core-synch-l1-1-0.dll
0x000001561eed0000 - 0x000001561eed3000 	C:\Users\Gediminas\.openjfx\cache\17.0.0.1\api-ms-win-core-synch-l1-2-0.dll
0x000001561eee0000 - 0x000001561eee3000 	C:\Users\Gediminas\.openjfx\cache\17.0.0.1\api-ms-win-core-sysinfo-l1-1-0.dll
0x000001561eef0000 - 0x000001561eef3000 	C:\Users\Gediminas\.openjfx\cache\17.0.0.1\api-ms-win-core-timezone-l1-1-0.dll
0x000001561ef00000 - 0x000001561ef03000 	C:\Users\Gediminas\.openjfx\cache\17.0.0.1\api-ms-win-core-util-l1-1-0.dll
0x000001561ef10000 - 0x000001561ef13000 	C:\Users\Gediminas\.openjfx\cache\17.0.0.1\api-ms-win-crt-conio-l1-1-0.dll
0x000001561ef20000 - 0x000001561ef24000 	C:\Users\Gediminas\.openjfx\cache\17.0.0.1\api-ms-win-crt-convert-l1-1-0.dll
0x000001561ef30000 - 0x000001561ef33000 	C:\Users\Gediminas\.openjfx\cache\17.0.0.1\api-ms-win-crt-environment-l1-1-0.dll
0x000001561ef40000 - 0x000001561ef43000 	C:\Users\Gediminas\.openjfx\cache\17.0.0.1\api-ms-win-crt-filesystem-l1-1-0.dll
0x000001561ef50000 - 0x000001561ef53000 	C:\Users\Gediminas\.openjfx\cache\17.0.0.1\api-ms-win-crt-heap-l1-1-0.dll
0x000001561ef60000 - 0x000001561ef63000 	C:\Users\Gediminas\.openjfx\cache\17.0.0.1\api-ms-win-crt-locale-l1-1-0.dll
0x000001561ef70000 - 0x000001561ef75000 	C:\Users\Gediminas\.openjfx\cache\17.0.0.1\api-ms-win-crt-math-l1-1-0.dll
0x000001561ef80000 - 0x000001561ef85000 	C:\Users\Gediminas\.openjfx\cache\17.0.0.1\api-ms-win-crt-multibyte-l1-1-0.dll
0x000001561ef90000 - 0x000001561efa0000 	C:\Users\Gediminas\.openjfx\cache\17.0.0.1\api-ms-win-crt-private-l1-1-0.dll
0x000001561efa0000 - 0x000001561efa3000 	C:\Users\Gediminas\.openjfx\cache\17.0.0.1\api-ms-win-crt-process-l1-1-0.dll
0x000001561efb0000 - 0x000001561efb4000 	C:\Users\Gediminas\.openjfx\cache\17.0.0.1\api-ms-win-crt-runtime-l1-1-0.dll
0x000001561efc0000 - 0x000001561efc4000 	C:\Users\Gediminas\.openjfx\cache\17.0.0.1\api-ms-win-crt-stdio-l1-1-0.dll
0x000001561efd0000 - 0x000001561efd4000 	C:\Users\Gediminas\.openjfx\cache\17.0.0.1\api-ms-win-crt-string-l1-1-0.dll
0x000001561efe0000 - 0x000001561efe3000 	C:\Users\Gediminas\.openjfx\cache\17.0.0.1\api-ms-win-crt-time-l1-1-0.dll
0x000001561eff0000 - 0x000001561eff3000 	C:\Users\Gediminas\.openjfx\cache\17.0.0.1\api-ms-win-crt-utility-l1-1-0.dll
0x00007ff9d2320000 - 0x00007ff9d241c000 	C:\Users\Gediminas\.openjfx\cache\17.0.0.1\ucrtbase.dll
0x00007ff9ee750000 - 0x00007ff9ee76a000 	C:\Users\Gediminas\.openjfx\cache\17.0.0.1\vcruntime140.dll
0x00007ff9f0150000 - 0x00007ff9f015c000 	C:\Users\Gediminas\.openjfx\cache\17.0.0.1\vcruntime140_1.dll
0x00007ff9d8b40000 - 0x00007ff9d8bcd000 	C:\Users\Gediminas\.openjfx\cache\17.0.0.1\msvcp140.dll
0x00007ff9edd60000 - 0x00007ff9edd8a000 	C:\Users\Gediminas\.openjfx\cache\17.0.0.1\prism_d3d.dll
0x00007ff9e9c20000 - 0x00007ff9e9ded000 	C:\WINDOWS\system32\d3d9.dll
0x00007ffa170c0000 - 0x00007ffa170ef000 	C:\WINDOWS\SYSTEM32\dwmapi.dll
0x00007ffa16b80000 - 0x00007ffa16c1e000 	C:\WINDOWS\system32\uxtheme.dll
0x00007ff99fa30000 - 0x00007ff99fb95000 	C:\WINDOWS\System32\DriverStore\FileRepository\iigd_dch.inf_amd64_e6980897e3126266\igdumdim64.dll
0x00007ffa1ad20000 - 0x00007ffa1ae4b000 	C:\WINDOWS\System32\ole32.dll
0x00007ff99bda0000 - 0x00007ff99fa2b000 	C:\WINDOWS\System32\DriverStore\FileRepository\iigd_dch.inf_amd64_e6980897e3126266\igd9dxva64.dll
0x00007ffa1a970000 - 0x00007ffa1aa3d000 	C:\WINDOWS\System32\OLEAUT32.dll
0x00007ffa1bb20000 - 0x00007ffa1bf8e000 	C:\WINDOWS\System32\SETUPAPI.dll
0x00007ffa19fe0000 - 0x00007ffa1a02e000 	C:\WINDOWS\System32\cfgmgr32.dll
0x00007ffa19860000 - 0x00007ffa19887000 	C:\WINDOWS\System32\bcrypt.dll
0x00007ffa0dc60000 - 0x00007ffa0df96000 	C:\WINDOWS\System32\DriverStore\FileRepository\iigd_dch.inf_amd64_e6980897e3126266\igdgmm64.dll
0x00007ff9d7c30000 - 0x00007ff9d7c72000 	C:\Users\Gediminas\.openjfx\cache\17.0.0.1\glass.dll
0x00007ffa1ac40000 - 0x00007ffa1ad1a000 	C:\WINDOWS\System32\COMDLG32.dll
0x00007ffa1aaf0000 - 0x00007ffa1ac04000 	C:\WINDOWS\System32\MSCTF.dll
0x00007ff9d80d0000 - 0x00007ff9d80f7000 	C:\WINDOWS\System32\DriverStore\FileRepository\iigd_dch.inf_amd64_e6980897e3126266\igdinfo64.dll
0x00007ffa19040000 - 0x00007ffa19058000 	C:\WINDOWS\SYSTEM32\CRYPTSP.dll
0x00007ffa18710000 - 0x00007ffa18744000 	C:\WINDOWS\system32\rsaenh.dll
0x00007ffa19060000 - 0x00007ffa1906c000 	C:\WINDOWS\SYSTEM32\CRYPTBASE.dll
0x00007ffa086e0000 - 0x00007ffa0b46f000 	C:\WINDOWS\System32\DriverStore\FileRepository\iigd_dch.inf_amd64_e6980897e3126266\igc64.dll
0x00007ffa13a90000 - 0x00007ffa13acb000 	C:\WINDOWS\SYSTEM32\dxcore.dll
0x00007ff9ec7e0000 - 0x00007ff9ec7f4000 	C:\Users\Gediminas\.openjfx\cache\17.0.0.1\javafx_font.dll
0x00007ff9f1590000 - 0x00007ff9f15a0000 	C:\Users\Gediminas\.jdks\azul-17.0.9\bin\verify.dll
0x00007ffa195a0000 - 0x00007ffa195ce000 	C:\WINDOWS\SYSTEM32\USERENV.dll
0x00007ffa1a430000 - 0x00007ffa1a438000 	C:\WINDOWS\System32\NSI.dll
0x00007ffa11230000 - 0x00007ffa11247000 	C:\WINDOWS\SYSTEM32\dhcpcsvc6.DLL
0x00007ffa11360000 - 0x00007ffa1137d000 	C:\WINDOWS\SYSTEM32\dhcpcsvc.DLL
0x00007ffa18b40000 - 0x00007ffa18c0a000 	C:\WINDOWS\SYSTEM32\DNSAPI.dll
0x00007ffa11250000 - 0x00007ffa1125a000 	C:\Windows\System32\rasadhlp.dll
0x00007ffa0d300000 - 0x00007ffa0d380000 	C:\WINDOWS\System32\fwpuclnt.dll
0x00007ff9e6750000 - 0x00007ff9e69cf000 	C:\WINDOWS\SYSTEM32\dwrite.dll
0x00007ffa1aa40000 - 0x00007ffa1aae9000 	C:\WINDOWS\System32\clbcatq.dll
0x00007ffa113a0000 - 0x00007ffa11554000 	C:\WINDOWS\SYSTEM32\WindowsCodecs.dll

dbghelp: loaded successfully - version: 4.0.5 - missing functions: none
symbol engine: initialized successfully - sym options: 0x614 - pdb path: .;C:\Users\Gediminas\.jdks\azul-17.0.9\bin;C:\WINDOWS\SYSTEM32;C:\WINDOWS\WinSxS\amd64_microsoft.windows.common-controls_6595b64144ccf1df_6.0.19041.3636_none_60b6a03d71f818d5;C:\Users\Gediminas\.jdks\azul-17.0.9\bin\server;C:\Users\Gediminas\.openjfx\cache\17.0.0.1;C:\WINDOWS\System32\DriverStore\FileRepository\iigd_dch.inf_amd64_e6980897e3126266;C:\WINDOWS\System32\DriverStore\FileRepository\nvlti.inf_amd64_d02a3ec451b2dba6;C:\Program Files\Common Files\Microsoft Shared\Ink

VM Arguments:
jvm_args: -agentlib:jdwp=transport=dt_socket,address=127.0.0.1:63649,suspend=y,server=n -javaagent:C:\Users\Gediminas\AppData\Local\JetBrains\IntelliJIdea2023.2\captureAgent\debugger-agent.jar -Dfile.encoding=UTF-8 --module-path=C:\Users\Gediminas\.m2\repository\org\openjfx\javafx-controls\17.0.0.1\javafx-controls-17.0.0.1-win.jar;C:\Users\Gediminas\.m2\repository\org\openjfx\javafx-graphics\17.0.0.1\javafx-graphics-17.0.0.1-win.jar;C:\Users\Gediminas\.m2\repository\org\projectlombok\lombok\1.18.30\lombok-1.18.30.jar;C:\Users\Gediminas\.m2\repository\jakarta\persistence\jakarta.persistence-api\3.0.0\jakarta.persistence-api-3.0.0.jar;C:\Users\Gediminas\.m2\repository\org\openjfx\javafx-fxml\17.0.0.1\javafx-fxml-17.0.0.1-win.jar;C:\Users\Gediminas\.m2\repository\org\mindrot\jbcrypt\0.4\jbcrypt-0.4.jar;C:\Users\Gediminas\.m2\repository\org\openjfx\javafx-base\17.0.0.1\javafx-base-17.0.0.1-win.jar;C:\Users\Gediminas\Desktop\Studijos\5 semestras\programavimo_technologijos\Kursinis\CandyShop\target\classes;C:\Users\Gediminas\.m2\repository\org\hibernate\hibernate-core-jakarta\5.6.15.Final\hibernate-core-jakarta-5.6.15.Final.jar -Djdk.module.main=com.kursinis.prif4kursinis 
java_command: com.kursinis.prif4kursinis/com.CandyShop.StartGui
java_class_path (initial): C:\Users\Gediminas\.m2\repository\org\openjfx\javafx-controls\17.0.0.1\javafx-controls-17.0.0.1.jar;C:\Users\Gediminas\.m2\repository\org\openjfx\javafx-graphics\17.0.0.1\javafx-graphics-17.0.0.1.jar;C:\Users\Gediminas\.m2\repository\org\openjfx\javafx-base\17.0.0.1\javafx-base-17.0.0.1.jar;C:\Users\Gediminas\.m2\repository\org\openjfx\javafx-fxml\17.0.0.1\javafx-fxml-17.0.0.1.jar;C:\Users\Gediminas\.m2\repository\com\mysql\mysql-connector-j\8.0.33\mysql-connector-j-8.0.33.jar;C:\Users\Gediminas\.m2\repository\com\google\protobuf\protobuf-java\3.21.9\protobuf-java-3.21.9.jar;C:\Users\Gediminas\.m2\repository\org\jboss\logging\jboss-logging\3.4.3.Final\jboss-logging-3.4.3.Final.jar;C:\Users\Gediminas\.m2\repository\net\bytebuddy\byte-buddy\1.12.18\byte-buddy-1.12.18.jar;C:\Users\Gediminas\.m2\repository\antlr\antlr\2.7.7\antlr-2.7.7.jar;C:\Users\Gediminas\.m2\repository\jakarta\transaction\jakarta.transaction-api\2.0.0\jakarta.transaction-api-2.0.0.jar;C:\Users\Gediminas\.m2\repository\org\jboss\jandex\2.4.2.Final\jandex-2.4.2.Final.jar;C:\Users\Gediminas\.m2\repository\com\fasterxml\classmate\1.5.1\classmate-1.5.1.jar;C:\Users\Gediminas\.m2\repository\jakarta\activation\jakarta.activation-api\2.0.1\jakarta.activation-api-2.0.1.jar;C:\Users\Gediminas\.m2\repository\org\dom4j\dom4j\2.1.3\dom4j-2.1.3.jar;C:\Users\Gediminas\.m2\repository\org\hibernate\common\hibernate-commons-annotations\5.1.2.Final\hibernate-commons-annotations-5.1.2.Final.jar;C:\Users\Gediminas\.m2\repository\jakarta\xml\bind\jakarta.xml.bind-api\3.0.1\jakarta.xml.bind-api-3.0.1.jar;C:\Users\Gediminas\.m2\repository\com\sun\activation\jakarta.activation\2.0.1\jakarta.activation-2.0.1.jar;C:\Users\Gediminas\.m2\repository\org\glassfish\jaxb\jaxb-runtime\3.0.0\jaxb-runtime-3.0.0.jar;C:\Users\Gediminas\.m2\repository\org\glassfish\jaxb\jaxb-core\3.0.0\jaxb-core-3.0.0.jar;C:\Users\Gediminas\.m2\repository\org\glassfish\jaxb\txw2\3.0.0\txw2-3.0.0.jar;C:\Users\Gediminas\.m2\rep
Launcher Type: SUN_STANDARD

[Global flags]
     intx CICompilerCount                          = 4                                         {product} {ergonomic}
     uint ConcGCThreads                            = 2                                         {product} {ergonomic}
     uint G1ConcRefinementThreads                  = 8                                         {product} {ergonomic}
   size_t G1HeapRegionSize                         = 1048576                                   {product} {ergonomic}
    uintx GCDrainStackTargetSize                   = 64                                        {product} {ergonomic}
   size_t InitialHeapSize                          = 132120576                                 {product} {ergonomic}
   size_t MarkStackSize                            = 4194304                                   {product} {ergonomic}
   size_t MaxHeapSize                              = 2113929216                                {product} {ergonomic}
   size_t MaxNewSize                               = 1267728384                                {product} {ergonomic}
   size_t MinHeapDeltaBytes                        = 1048576                                   {product} {ergonomic}
   size_t MinHeapSize                              = 8388608                                   {product} {ergonomic}
    uintx NonNMethodCodeHeapSize                   = 5839372                                {pd product} {ergonomic}
    uintx NonProfiledCodeHeapSize                  = 122909434                              {pd product} {ergonomic}
    uintx ProfiledCodeHeapSize                     = 122909434                              {pd product} {ergonomic}
    uintx ReservedCodeCacheSize                    = 251658240                              {pd product} {ergonomic}
     bool SegmentedCodeCache                       = true                                      {product} {ergonomic}
   size_t SoftMaxHeapSize                          = 2113929216                             {manageable} {ergonomic}
     bool UseCompressedClassPointers               = true                           {product lp64_product} {ergonomic}
     bool UseCompressedOops                        = true                           {product lp64_product} {ergonomic}
     bool UseG1GC                                  = true                                      {product} {ergonomic}
     bool UseLargePagesIndividualAllocation        = false                                  {pd product} {ergonomic}

Logging:
Log output configuration:
 #0: stdout all=warning uptime,level,tags
 #1: stderr all=off uptime,level,tags

Environment Variables:
PATH=C:\Azul zulu\zulu20.32.11-ca-fx-jdk20.0.2-win_x64\bin;C:\Program Files\Common Files\Oracle\Java\javapath;C:\Windows\system32;C:\Windows;C:\Windows\System32\Wbem;C:\Windows\System32\WindowsPowerShell\v1.0\;C:\Windows\System32\OpenSSH\;C:\Program Files\NVIDIA Corporation\NVIDIA NvDLISR;C:\MinGW\bin;C:\WINDOWS\system32;C:\WINDOWS;C:\WINDOWS\System32\Wbem;C:\WINDOWS\System32\WindowsPowerShell\v1.0\;C:\WINDOWS\System32\OpenSSH\;C:\Program Files\Microsoft SQL Server\120\Tools\Binn\;C:\Program Files (x86)\NVIDIA Corporation\PhysX\Common;C:\Program Files (x86)\Microsoft Visual Studio\2019\Community\MSBuild\Current\Bin;C:\Program Files\Java\jdk-18.0.1.1\bin;C:\Program Files\Microsoft SQL Server\150\Tools\Binn\;C:\Program Files\Microsoft SQL Server\Client SDK\ODBC\170\Tools\Binn\;C:\Program Files (x86)\Microsoft SQL Server\150\DTS\Binn\;C:\Program Files\Azure Data Studio\bin;C:\Program Files\dotnet\;C:\Program Files\Git\cmd;C:\Program Files (x86)\Microsoft SQL Server\160\Tools\Binn\;C:\Program Files\Microsoft SQL Server\160\Tools\Binn\;C:\Program Files\Microsoft SQL Server\160\DTS\Binn\;C:\Program Files (x86)\Microsoft SQL Server\160\DTS\Binn\;C:\Users\Gediminas\AppData\Local\Programs\Python\Python310\Scripts\;C:\Users\Gediminas\AppData\Local\Programs\Python\Python310\;C:\Users\Gediminas\AppData\Local\Microsoft\WindowsApps;C:\Program Files\CMake\bin;C:\Users\Gediminas\AppData\Local\Programs\Microsoft VS Code\bin;C:\Users\Gediminas\AppData\Local\GitHubDesktop\bin;C:\Program Files\Java\jdk-18.0.1.1\bin;C:\Program Files\JetBrains\IntelliJ IDEA Community Edition 2023.2.1\bin;;C:\Php;C:\Program Files\Azure Data Studio\bin;C:\Users\Gediminas\.dotnet\tools;C:\Program Files\JetBrains\IntelliJ IDEA 2023.2.1\bin;
USERNAME=Gediminas
OS=Windows_NT
PROCESSOR_IDENTIFIER=Intel64 Family 6 Model 165 Stepping 2, GenuineIntel
TMP=C:\Users\GEDIMI~1\AppData\Local\Temp
TEMP=C:\Users\GEDIMI~1\AppData\Local\Temp



Periodic native trim disabled


---------------  S Y S T E M  ---------------

OS:
 Windows 10 , 64 bit Build 19041 (10.0.19041.3636)
OS uptime: 0 days 5:17 hours

CPU: total 8 (initial active 8) (4 cores per cpu, 2 threads per core) family 6 model 165 stepping 2 microcode 0xf4, cx8, cmov, fxsr, ht, mmx, 3dnowpref, sse, sse2, sse3, ssse3, sse4.1, sse4.2, popcnt, lzcnt, tsc, tscinvbit, avx, avx2, aes, erms, clmul, bmi1, bmi2, adx, fma, vzeroupper, clflush, clflushopt
Processor Information for all 8 processors :
  Max Mhz: 2496, Current Mhz: 2496, Mhz Limit: 2496

Memory: 4k page, system-wide physical 8059M (976M free)
TotalPageFile size 16054M (AvailPageFile size 4M)
current process WorkingSet (physical memory assigned to process): 222M, peak: 225M
current process commit charge ("private bytes"): 262M, peak: 325M

vm_info: OpenJDK 64-Bit Server VM (17.0.9+8-LTS) for windows-amd64 JRE (17.0.9+8-LTS) (Zulu17.46+19-CA), built on Oct 11 2023 20:47:25 by "zulu_re" with MS VC++ 16.10 / 16.11 (VS2019)

END.
