#
# There is insufficient memory for the Java Runtime Environment to continue.
# Native memory allocation (malloc) failed to allocate 71824 bytes for Chunk::new
# Possible reasons:
#   The system is out of physical RAM or swap space
#   The process is running with CompressedOops enabled, and the Java Heap may be blocking the growth of the native heap
# Possible solutions:
#   Reduce memory load on the system
#   Increase physical memory or swap space
#   Check if swap backing store is full
#   Decrease Java heap size (-Xmx/-Xms)
#   Decrease number of Java threads
#   Decrease Java thread stack sizes (-Xss)
#   Set larger code cache with -XX:ReservedCodeCacheSize=
#   JVM is running with Unscaled Compressed Oops mode in which the Java heap is
#     placed in the first 4GB address space. The Java Heap base address is the
#     maximum limit for the native heap growth. Please use -XX:HeapBaseMinAddress
#     to set the Java Heap base and to place the Java Heap above 4GB virtual address.
# This output file may be truncated or incomplete.
#
#  Out of Memory Error (arena.cpp:189), pid=20848, tid=9072
#
# JRE version: OpenJDK Runtime Environment JBR-17.0.8+7-1000.8-jcef (17.0.8+7) (build 17.0.8+7-b1000.8)
# Java VM: OpenJDK 64-Bit Server VM JBR-17.0.8+7-1000.8-jcef (17.0.8+7-b1000.8, mixed mode, tiered, compressed oops, compressed class ptrs, g1 gc, windows-amd64)
# No core dump will be written. Minidumps are not enabled by default on client versions of Windows
#

---------------  S U M M A R Y ------------

Command Line: git4idea.http.GitAskPassApp Password for 'https://Stebis-dev@github.com': 

Host: Intel(R) Core(TM) i5-10300H CPU @ 2.50GHz, 8 cores, 7G,  Windows 10 , 64 bit Build 19041 (10.0.19041.3636)
Time: Wed Dec 13 16:07:11 2023 FLE Standard Time elapsed time: 0.666294 seconds (0d 0h 0m 0s)

---------------  T H R E A D  ---------------

Current thread (0x0000024ec1a575e0):  JavaThread "C2 CompilerThread0" daemon [_thread_in_native, id=9072, stack(0x000000a4ac500000,0x000000a4ac600000)]


Current CompileTask:
C2:    666 1001       4       sun.security.util.math.intpoly.IntegerPolynomialP256::carryReduce (895 bytes)

Stack: [0x000000a4ac500000,0x000000a4ac600000]
Native frames: (J=compiled Java code, j=interpreted, Vv=VM code, C=native code)
V  [jvm.dll+0x6852da]
V  [jvm.dll+0x844c84]
V  [jvm.dll+0x84659e]
V  [jvm.dll+0x846c03]
V  [jvm.dll+0x24b7cf]
V  [jvm.dll+0xac3bc]
V  [jvm.dll+0xac98c]
V  [jvm.dll+0x36af97]
V  [jvm.dll+0x3352b1]
V  [jvm.dll+0x33475a]
V  [jvm.dll+0x21d7f1]
V  [jvm.dll+0x21cc11]
V  [jvm.dll+0x1a660d]
V  [jvm.dll+0x22c9c8]
V  [jvm.dll+0x22a990]
V  [jvm.dll+0x7f9d3c]
V  [jvm.dll+0x7f415a]
V  [jvm.dll+0x684115]
C  [ucrtbase.dll+0x21bb2]
C  [KERNEL32.DLL+0x17344]
C  [ntdll.dll+0x526b1]


---------------  P R O C E S S  ---------------

Threads class SMR info:
_java_thread_list=0x0000024ec62f1460, length=16, elements={
0x0000024ea78cc0a0, 0x0000024ec1a13260, 0x0000024ec1a14790, 0x0000024ec1a3b000,
0x0000024ec1a3bce0, 0x0000024ec1a3ed60, 0x0000024ec1a3fdd0, 0x0000024ec1a575e0,
0x0000024ec1a58aa0, 0x0000024ec1a5bb60, 0x0000024ec1bb5ac0, 0x0000024ec1bceb50,
0x0000024ec6043f40, 0x0000024ec61e77a0, 0x0000024ec62e7ea0, 0x0000024ec6365880
}

Java Threads: ( => current thread )
  0x0000024ea78cc0a0 JavaThread "main" [_thread_blocked, id=3280, stack(0x000000a4ab800000,0x000000a4ab900000)]
  0x0000024ec1a13260 JavaThread "Reference Handler" daemon [_thread_blocked, id=17528, stack(0x000000a4abf00000,0x000000a4ac000000)]
  0x0000024ec1a14790 JavaThread "Finalizer" daemon [_thread_blocked, id=20856, stack(0x000000a4ac000000,0x000000a4ac100000)]
  0x0000024ec1a3b000 JavaThread "Signal Dispatcher" daemon [_thread_blocked, id=5012, stack(0x000000a4ac100000,0x000000a4ac200000)]
  0x0000024ec1a3bce0 JavaThread "Attach Listener" daemon [_thread_blocked, id=18820, stack(0x000000a4ac200000,0x000000a4ac300000)]
  0x0000024ec1a3ed60 JavaThread "Service Thread" daemon [_thread_blocked, id=7696, stack(0x000000a4ac300000,0x000000a4ac400000)]
  0x0000024ec1a3fdd0 JavaThread "Monitor Deflation Thread" daemon [_thread_blocked, id=8488, stack(0x000000a4ac400000,0x000000a4ac500000)]
=>0x0000024ec1a575e0 JavaThread "C2 CompilerThread0" daemon [_thread_in_native, id=9072, stack(0x000000a4ac500000,0x000000a4ac600000)]
  0x0000024ec1a58aa0 JavaThread "C1 CompilerThread0" daemon [_thread_in_native, id=16424, stack(0x000000a4ac600000,0x000000a4ac700000)]
  0x0000024ec1a5bb60 JavaThread "Sweeper thread" daemon [_thread_blocked, id=11980, stack(0x000000a4ac700000,0x000000a4ac800000)]
  0x0000024ec1bb5ac0 JavaThread "Notification Thread" daemon [_thread_blocked, id=3956, stack(0x000000a4ac800000,0x000000a4ac900000)]
  0x0000024ec1bceb50 JavaThread "Common-Cleaner" daemon [_thread_blocked, id=1440, stack(0x000000a4aca00000,0x000000a4acb00000)]
  0x0000024ec6043f40 JavaThread "C2 CompilerThread1" daemon [_thread_in_native, id=19328, stack(0x000000a4acb00000,0x000000a4acc00000)]
  0x0000024ec61e77a0 JavaThread "HttpClient-1-SelectorManager" daemon [_thread_in_native, id=588, stack(0x000000a4acc00000,0x000000a4acd00000)]
  0x0000024ec62e7ea0 JavaThread "HttpClient-1-Worker-0" daemon [_thread_in_Java, id=21432, stack(0x000000a4ace00000,0x000000a4acf00000)]
  0x0000024ec6365880 JavaThread "HttpClient-1-Worker-1" daemon [_thread_blocked, id=21068, stack(0x000000a4acf00000,0x000000a4ad000000)]

Other Threads:
  0x0000024ec18c0950 VMThread "VM Thread" [stack: 0x000000a4abe00000,0x000000a4abf00000] [id=5536]
  0x0000024ea793fe70 WatcherThread [stack: 0x000000a4ac900000,0x000000a4aca00000] [id=7988]
  0x0000024ea79270c0 GCTaskThread "GC Thread#0" [stack: 0x000000a4ab900000,0x000000a4aba00000] [id=20248]
  0x0000024ea7937b20 ConcurrentGCThread "G1 Main Marker" [stack: 0x000000a4aba00000,0x000000a4abb00000] [id=10424]
  0x0000024ea7938be0 ConcurrentGCThread "G1 Conc#0" [stack: 0x000000a4abb00000,0x000000a4abc00000] [id=16084]
  0x0000024ea798d370 ConcurrentGCThread "G1 Refine#0" [stack: 0x000000a4abc00000,0x000000a4abd00000] [id=22176]
  0x0000024ea798dcb0 ConcurrentGCThread "G1 Service" [stack: 0x000000a4abd00000,0x000000a4abe00000] [id=20604]

Threads with active compile tasks:
C2 CompilerThread0      694 1001       4       sun.security.util.math.intpoly.IntegerPolynomialP256::carryReduce (895 bytes)
C1 CompilerThread0      694 1011       3       sun.security.provider.ByteArrayAccess::b2iBig64 (231 bytes)
C2 CompilerThread1      694 1007       4       sun.security.util.math.intpoly.IntegerPolynomial$MutableElement::setDifference (6 bytes)

VM state: not at safepoint (normal execution)

VM Mutex/Monitor currently owned by a thread: None

Heap address: 0x0000000082000000, size: 2016 MB, Compressed Oops mode: 32-bit

CDS archive(s) not mapped
Compressed class space mapped at: 0x0000000100000000-0x0000000140000000, reserved size: 1073741824
Narrow klass base: 0x0000000000000000, Narrow klass shift: 3, Narrow klass range: 0x140000000

GC Precious Log:
 CPUs: 8 total, 8 available
 Memory: 8059M
 Large Page Support: Disabled
 NUMA Support: Disabled
 Compressed Oops: Enabled (32-bit)
 Heap Region Size: 1M
 Heap Min Capacity: 8M
 Heap Initial Capacity: 126M
 Heap Max Capacity: 2016M
 Pre-touch: Disabled
 Parallel Workers: 8
 Concurrent Workers: 2
 Concurrent Refinement Workers: 8
 Periodic GC: Disabled

Heap:
 garbage-first heap   total 129024K, used 13312K [0x0000000082000000, 0x0000000100000000)
  region size 1024K, 15 young (15360K), 0 survivors (0K)
 Metaspace       used 16496K, committed 16704K, reserved 1114112K
  class space    used 1742K, committed 1856K, reserved 1048576K

Heap Regions: E=young(eden), S=young(survivor), O=old, HS=humongous(starts), HC=humongous(continues), CS=collection set, F=free, OA=open archive, CA=closed archive, TAMS=top-at-mark-start (previous, next)
|   0|0x0000000082000000, 0x0000000082000000, 0x0000000082100000|  0%| F|  |TAMS 0x0000000082000000, 0x0000000082000000| Untracked 
|   1|0x0000000082100000, 0x0000000082100000, 0x0000000082200000|  0%| F|  |TAMS 0x0000000082100000, 0x0000000082100000| Untracked 
|   2|0x0000000082200000, 0x0000000082200000, 0x0000000082300000|  0%| F|  |TAMS 0x0000000082200000, 0x0000000082200000| Untracked 
|   3|0x0000000082300000, 0x0000000082300000, 0x0000000082400000|  0%| F|  |TAMS 0x0000000082300000, 0x0000000082300000| Untracked 
|   4|0x0000000082400000, 0x0000000082400000, 0x0000000082500000|  0%| F|  |TAMS 0x0000000082400000, 0x0000000082400000| Untracked 
|   5|0x0000000082500000, 0x0000000082500000, 0x0000000082600000|  0%| F|  |TAMS 0x0000000082500000, 0x0000000082500000| Untracked 
|   6|0x0000000082600000, 0x0000000082600000, 0x0000000082700000|  0%| F|  |TAMS 0x0000000082600000, 0x0000000082600000| Untracked 
|   7|0x0000000082700000, 0x0000000082700000, 0x0000000082800000|  0%| F|  |TAMS 0x0000000082700000, 0x0000000082700000| Untracked 
|   8|0x0000000082800000, 0x0000000082800000, 0x0000000082900000|  0%| F|  |TAMS 0x0000000082800000, 0x0000000082800000| Untracked 
|   9|0x0000000082900000, 0x0000000082900000, 0x0000000082a00000|  0%| F|  |TAMS 0x0000000082900000, 0x0000000082900000| Untracked 
|  10|0x0000000082a00000, 0x0000000082a00000, 0x0000000082b00000|  0%| F|  |TAMS 0x0000000082a00000, 0x0000000082a00000| Untracked 
|  11|0x0000000082b00000, 0x0000000082b00000, 0x0000000082c00000|  0%| F|  |TAMS 0x0000000082b00000, 0x0000000082b00000| Untracked 
|  12|0x0000000082c00000, 0x0000000082c00000, 0x0000000082d00000|  0%| F|  |TAMS 0x0000000082c00000, 0x0000000082c00000| Untracked 
|  13|0x0000000082d00000, 0x0000000082d00000, 0x0000000082e00000|  0%| F|  |TAMS 0x0000000082d00000, 0x0000000082d00000| Untracked 
|  14|0x0000000082e00000, 0x0000000082e00000, 0x0000000082f00000|  0%| F|  |TAMS 0x0000000082e00000, 0x0000000082e00000| Untracked 
|  15|0x0000000082f00000, 0x0000000082f00000, 0x0000000083000000|  0%| F|  |TAMS 0x0000000082f00000, 0x0000000082f00000| Untracked 
|  16|0x0000000083000000, 0x0000000083000000, 0x0000000083100000|  0%| F|  |TAMS 0x0000000083000000, 0x0000000083000000| Untracked 
|  17|0x0000000083100000, 0x0000000083100000, 0x0000000083200000|  0%| F|  |TAMS 0x0000000083100000, 0x0000000083100000| Untracked 
|  18|0x0000000083200000, 0x0000000083200000, 0x0000000083300000|  0%| F|  |TAMS 0x0000000083200000, 0x0000000083200000| Untracked 
|  19|0x0000000083300000, 0x0000000083300000, 0x0000000083400000|  0%| F|  |TAMS 0x0000000083300000, 0x0000000083300000| Untracked 
|  20|0x0000000083400000, 0x0000000083400000, 0x0000000083500000|  0%| F|  |TAMS 0x0000000083400000, 0x0000000083400000| Untracked 
|  21|0x0000000083500000, 0x0000000083500000, 0x0000000083600000|  0%| F|  |TAMS 0x0000000083500000, 0x0000000083500000| Untracked 
|  22|0x0000000083600000, 0x0000000083600000, 0x0000000083700000|  0%| F|  |TAMS 0x0000000083600000, 0x0000000083600000| Untracked 
|  23|0x0000000083700000, 0x0000000083700000, 0x0000000083800000|  0%| F|  |TAMS 0x0000000083700000, 0x0000000083700000| Untracked 
|  24|0x0000000083800000, 0x0000000083800000, 0x0000000083900000|  0%| F|  |TAMS 0x0000000083800000, 0x0000000083800000| Untracked 
|  25|0x0000000083900000, 0x0000000083900000, 0x0000000083a00000|  0%| F|  |TAMS 0x0000000083900000, 0x0000000083900000| Untracked 
|  26|0x0000000083a00000, 0x0000000083a00000, 0x0000000083b00000|  0%| F|  |TAMS 0x0000000083a00000, 0x0000000083a00000| Untracked 
|  27|0x0000000083b00000, 0x0000000083b00000, 0x0000000083c00000|  0%| F|  |TAMS 0x0000000083b00000, 0x0000000083b00000| Untracked 
|  28|0x0000000083c00000, 0x0000000083c00000, 0x0000000083d00000|  0%| F|  |TAMS 0x0000000083c00000, 0x0000000083c00000| Untracked 
|  29|0x0000000083d00000, 0x0000000083d00000, 0x0000000083e00000|  0%| F|  |TAMS 0x0000000083d00000, 0x0000000083d00000| Untracked 
|  30|0x0000000083e00000, 0x0000000083e00000, 0x0000000083f00000|  0%| F|  |TAMS 0x0000000083e00000, 0x0000000083e00000| Untracked 
|  31|0x0000000083f00000, 0x0000000083f00000, 0x0000000084000000|  0%| F|  |TAMS 0x0000000083f00000, 0x0000000083f00000| Untracked 
|  32|0x0000000084000000, 0x0000000084000000, 0x0000000084100000|  0%| F|  |TAMS 0x0000000084000000, 0x0000000084000000| Untracked 
|  33|0x0000000084100000, 0x0000000084100000, 0x0000000084200000|  0%| F|  |TAMS 0x0000000084100000, 0x0000000084100000| Untracked 
|  34|0x0000000084200000, 0x0000000084200000, 0x0000000084300000|  0%| F|  |TAMS 0x0000000084200000, 0x0000000084200000| Untracked 
|  35|0x0000000084300000, 0x0000000084300000, 0x0000000084400000|  0%| F|  |TAMS 0x0000000084300000, 0x0000000084300000| Untracked 
|  36|0x0000000084400000, 0x0000000084400000, 0x0000000084500000|  0%| F|  |TAMS 0x0000000084400000, 0x0000000084400000| Untracked 
|  37|0x0000000084500000, 0x0000000084500000, 0x0000000084600000|  0%| F|  |TAMS 0x0000000084500000, 0x0000000084500000| Untracked 
|  38|0x0000000084600000, 0x0000000084600000, 0x0000000084700000|  0%| F|  |TAMS 0x0000000084600000, 0x0000000084600000| Untracked 
|  39|0x0000000084700000, 0x0000000084700000, 0x0000000084800000|  0%| F|  |TAMS 0x0000000084700000, 0x0000000084700000| Untracked 
|  40|0x0000000084800000, 0x0000000084800000, 0x0000000084900000|  0%| F|  |TAMS 0x0000000084800000, 0x0000000084800000| Untracked 
|  41|0x0000000084900000, 0x0000000084900000, 0x0000000084a00000|  0%| F|  |TAMS 0x0000000084900000, 0x0000000084900000| Untracked 
|  42|0x0000000084a00000, 0x0000000084a00000, 0x0000000084b00000|  0%| F|  |TAMS 0x0000000084a00000, 0x0000000084a00000| Untracked 
|  43|0x0000000084b00000, 0x0000000084b00000, 0x0000000084c00000|  0%| F|  |TAMS 0x0000000084b00000, 0x0000000084b00000| Untracked 
|  44|0x0000000084c00000, 0x0000000084c00000, 0x0000000084d00000|  0%| F|  |TAMS 0x0000000084c00000, 0x0000000084c00000| Untracked 
|  45|0x0000000084d00000, 0x0000000084d00000, 0x0000000084e00000|  0%| F|  |TAMS 0x0000000084d00000, 0x0000000084d00000| Untracked 
|  46|0x0000000084e00000, 0x0000000084e00000, 0x0000000084f00000|  0%| F|  |TAMS 0x0000000084e00000, 0x0000000084e00000| Untracked 
|  47|0x0000000084f00000, 0x0000000084f00000, 0x0000000085000000|  0%| F|  |TAMS 0x0000000084f00000, 0x0000000084f00000| Untracked 
|  48|0x0000000085000000, 0x0000000085000000, 0x0000000085100000|  0%| F|  |TAMS 0x0000000085000000, 0x0000000085000000| Untracked 
|  49|0x0000000085100000, 0x0000000085100000, 0x0000000085200000|  0%| F|  |TAMS 0x0000000085100000, 0x0000000085100000| Untracked 
|  50|0x0000000085200000, 0x0000000085200000, 0x0000000085300000|  0%| F|  |TAMS 0x0000000085200000, 0x0000000085200000| Untracked 
|  51|0x0000000085300000, 0x0000000085300000, 0x0000000085400000|  0%| F|  |TAMS 0x0000000085300000, 0x0000000085300000| Untracked 
|  52|0x0000000085400000, 0x0000000085400000, 0x0000000085500000|  0%| F|  |TAMS 0x0000000085400000, 0x0000000085400000| Untracked 
|  53|0x0000000085500000, 0x0000000085500000, 0x0000000085600000|  0%| F|  |TAMS 0x0000000085500000, 0x0000000085500000| Untracked 
|  54|0x0000000085600000, 0x0000000085600000, 0x0000000085700000|  0%| F|  |TAMS 0x0000000085600000, 0x0000000085600000| Untracked 
|  55|0x0000000085700000, 0x0000000085700000, 0x0000000085800000|  0%| F|  |TAMS 0x0000000085700000, 0x0000000085700000| Untracked 
|  56|0x0000000085800000, 0x0000000085800000, 0x0000000085900000|  0%| F|  |TAMS 0x0000000085800000, 0x0000000085800000| Untracked 
|  57|0x0000000085900000, 0x0000000085900000, 0x0000000085a00000|  0%| F|  |TAMS 0x0000000085900000, 0x0000000085900000| Untracked 
|  58|0x0000000085a00000, 0x0000000085a00000, 0x0000000085b00000|  0%| F|  |TAMS 0x0000000085a00000, 0x0000000085a00000| Untracked 
|  59|0x0000000085b00000, 0x0000000085b00000, 0x0000000085c00000|  0%| F|  |TAMS 0x0000000085b00000, 0x0000000085b00000| Untracked 
|  60|0x0000000085c00000, 0x0000000085c00000, 0x0000000085d00000|  0%| F|  |TAMS 0x0000000085c00000, 0x0000000085c00000| Untracked 
|  61|0x0000000085d00000, 0x0000000085d00000, 0x0000000085e00000|  0%| F|  |TAMS 0x0000000085d00000, 0x0000000085d00000| Untracked 
|  62|0x0000000085e00000, 0x0000000085e00000, 0x0000000085f00000|  0%| F|  |TAMS 0x0000000085e00000, 0x0000000085e00000| Untracked 
|  63|0x0000000085f00000, 0x0000000085f00000, 0x0000000086000000|  0%| F|  |TAMS 0x0000000085f00000, 0x0000000085f00000| Untracked 
|  64|0x0000000086000000, 0x0000000086000000, 0x0000000086100000|  0%| F|  |TAMS 0x0000000086000000, 0x0000000086000000| Untracked 
|  65|0x0000000086100000, 0x0000000086100000, 0x0000000086200000|  0%| F|  |TAMS 0x0000000086100000, 0x0000000086100000| Untracked 
|  66|0x0000000086200000, 0x0000000086200000, 0x0000000086300000|  0%| F|  |TAMS 0x0000000086200000, 0x0000000086200000| Untracked 
|  67|0x0000000086300000, 0x0000000086300000, 0x0000000086400000|  0%| F|  |TAMS 0x0000000086300000, 0x0000000086300000| Untracked 
|  68|0x0000000086400000, 0x0000000086400000, 0x0000000086500000|  0%| F|  |TAMS 0x0000000086400000, 0x0000000086400000| Untracked 
|  69|0x0000000086500000, 0x0000000086500000, 0x0000000086600000|  0%| F|  |TAMS 0x0000000086500000, 0x0000000086500000| Untracked 
|  70|0x0000000086600000, 0x0000000086600000, 0x0000000086700000|  0%| F|  |TAMS 0x0000000086600000, 0x0000000086600000| Untracked 
|  71|0x0000000086700000, 0x0000000086700000, 0x0000000086800000|  0%| F|  |TAMS 0x0000000086700000, 0x0000000086700000| Untracked 
|  72|0x0000000086800000, 0x0000000086800000, 0x0000000086900000|  0%| F|  |TAMS 0x0000000086800000, 0x0000000086800000| Untracked 
|  73|0x0000000086900000, 0x0000000086900000, 0x0000000086a00000|  0%| F|  |TAMS 0x0000000086900000, 0x0000000086900000| Untracked 
|  74|0x0000000086a00000, 0x0000000086a00000, 0x0000000086b00000|  0%| F|  |TAMS 0x0000000086a00000, 0x0000000086a00000| Untracked 
|  75|0x0000000086b00000, 0x0000000086b00000, 0x0000000086c00000|  0%| F|  |TAMS 0x0000000086b00000, 0x0000000086b00000| Untracked 
|  76|0x0000000086c00000, 0x0000000086c00000, 0x0000000086d00000|  0%| F|  |TAMS 0x0000000086c00000, 0x0000000086c00000| Untracked 
|  77|0x0000000086d00000, 0x0000000086d00000, 0x0000000086e00000|  0%| F|  |TAMS 0x0000000086d00000, 0x0000000086d00000| Untracked 
|  78|0x0000000086e00000, 0x0000000086e00000, 0x0000000086f00000|  0%| F|  |TAMS 0x0000000086e00000, 0x0000000086e00000| Untracked 
|  79|0x0000000086f00000, 0x0000000086f00000, 0x0000000087000000|  0%| F|  |TAMS 0x0000000086f00000, 0x0000000086f00000| Untracked 
|  80|0x0000000087000000, 0x0000000087000000, 0x0000000087100000|  0%| F|  |TAMS 0x0000000087000000, 0x0000000087000000| Untracked 
|  81|0x0000000087100000, 0x0000000087100000, 0x0000000087200000|  0%| F|  |TAMS 0x0000000087100000, 0x0000000087100000| Untracked 
|  82|0x0000000087200000, 0x0000000087200000, 0x0000000087300000|  0%| F|  |TAMS 0x0000000087200000, 0x0000000087200000| Untracked 
|  83|0x0000000087300000, 0x0000000087300000, 0x0000000087400000|  0%| F|  |TAMS 0x0000000087300000, 0x0000000087300000| Untracked 
|  84|0x0000000087400000, 0x0000000087400000, 0x0000000087500000|  0%| F|  |TAMS 0x0000000087400000, 0x0000000087400000| Untracked 
|  85|0x0000000087500000, 0x0000000087500000, 0x0000000087600000|  0%| F|  |TAMS 0x0000000087500000, 0x0000000087500000| Untracked 
|  86|0x0000000087600000, 0x0000000087600000, 0x0000000087700000|  0%| F|  |TAMS 0x0000000087600000, 0x0000000087600000| Untracked 
|  87|0x0000000087700000, 0x0000000087700000, 0x0000000087800000|  0%| F|  |TAMS 0x0000000087700000, 0x0000000087700000| Untracked 
|  88|0x0000000087800000, 0x0000000087800000, 0x0000000087900000|  0%| F|  |TAMS 0x0000000087800000, 0x0000000087800000| Untracked 
|  89|0x0000000087900000, 0x0000000087900000, 0x0000000087a00000|  0%| F|  |TAMS 0x0000000087900000, 0x0000000087900000| Untracked 
|  90|0x0000000087a00000, 0x0000000087a00000, 0x0000000087b00000|  0%| F|  |TAMS 0x0000000087a00000, 0x0000000087a00000| Untracked 
|  91|0x0000000087b00000, 0x0000000087b00000, 0x0000000087c00000|  0%| F|  |TAMS 0x0000000087b00000, 0x0000000087b00000| Untracked 
|  92|0x0000000087c00000, 0x0000000087c00000, 0x0000000087d00000|  0%| F|  |TAMS 0x0000000087c00000, 0x0000000087c00000| Untracked 
|  93|0x0000000087d00000, 0x0000000087d00000, 0x0000000087e00000|  0%| F|  |TAMS 0x0000000087d00000, 0x0000000087d00000| Untracked 
|  94|0x0000000087e00000, 0x0000000087e00000, 0x0000000087f00000|  0%| F|  |TAMS 0x0000000087e00000, 0x0000000087e00000| Untracked 
|  95|0x0000000087f00000, 0x0000000087f00000, 0x0000000088000000|  0%| F|  |TAMS 0x0000000087f00000, 0x0000000087f00000| Untracked 
|  96|0x0000000088000000, 0x0000000088000000, 0x0000000088100000|  0%| F|  |TAMS 0x0000000088000000, 0x0000000088000000| Untracked 
|  97|0x0000000088100000, 0x0000000088100000, 0x0000000088200000|  0%| F|  |TAMS 0x0000000088100000, 0x0000000088100000| Untracked 
|  98|0x0000000088200000, 0x0000000088200000, 0x0000000088300000|  0%| F|  |TAMS 0x0000000088200000, 0x0000000088200000| Untracked 
|  99|0x0000000088300000, 0x0000000088300000, 0x0000000088400000|  0%| F|  |TAMS 0x0000000088300000, 0x0000000088300000| Untracked 
| 100|0x0000000088400000, 0x0000000088400000, 0x0000000088500000|  0%| F|  |TAMS 0x0000000088400000, 0x0000000088400000| Untracked 
| 101|0x0000000088500000, 0x0000000088500000, 0x0000000088600000|  0%| F|  |TAMS 0x0000000088500000, 0x0000000088500000| Untracked 
| 102|0x0000000088600000, 0x0000000088600000, 0x0000000088700000|  0%| F|  |TAMS 0x0000000088600000, 0x0000000088600000| Untracked 
| 103|0x0000000088700000, 0x0000000088700000, 0x0000000088800000|  0%| F|  |TAMS 0x0000000088700000, 0x0000000088700000| Untracked 
| 104|0x0000000088800000, 0x0000000088800000, 0x0000000088900000|  0%| F|  |TAMS 0x0000000088800000, 0x0000000088800000| Untracked 
| 105|0x0000000088900000, 0x0000000088900000, 0x0000000088a00000|  0%| F|  |TAMS 0x0000000088900000, 0x0000000088900000| Untracked 
| 106|0x0000000088a00000, 0x0000000088a00000, 0x0000000088b00000|  0%| F|  |TAMS 0x0000000088a00000, 0x0000000088a00000| Untracked 
| 107|0x0000000088b00000, 0x0000000088b00000, 0x0000000088c00000|  0%| F|  |TAMS 0x0000000088b00000, 0x0000000088b00000| Untracked 
| 108|0x0000000088c00000, 0x0000000088c00000, 0x0000000088d00000|  0%| F|  |TAMS 0x0000000088c00000, 0x0000000088c00000| Untracked 
| 109|0x0000000088d00000, 0x0000000088d00000, 0x0000000088e00000|  0%| F|  |TAMS 0x0000000088d00000, 0x0000000088d00000| Untracked 
| 110|0x0000000088e00000, 0x0000000088e00000, 0x0000000088f00000|  0%| F|  |TAMS 0x0000000088e00000, 0x0000000088e00000| Untracked 
| 111|0x0000000088f00000, 0x0000000088f76508, 0x0000000089000000| 46%| E|  |TAMS 0x0000000088f00000, 0x0000000088f00000| Complete 
| 112|0x0000000089000000, 0x0000000089100000, 0x0000000089100000|100%| E|CS|TAMS 0x0000000089000000, 0x0000000089000000| Complete 
| 113|0x0000000089100000, 0x0000000089200000, 0x0000000089200000|100%| E|  |TAMS 0x0000000089100000, 0x0000000089100000| Complete 
| 114|0x0000000089200000, 0x0000000089300000, 0x0000000089300000|100%| E|CS|TAMS 0x0000000089200000, 0x0000000089200000| Complete 
| 115|0x0000000089300000, 0x0000000089400000, 0x0000000089400000|100%| E|CS|TAMS 0x0000000089300000, 0x0000000089300000| Complete 
| 116|0x0000000089400000, 0x0000000089500000, 0x0000000089500000|100%| E|CS|TAMS 0x0000000089400000, 0x0000000089400000| Complete 
| 117|0x0000000089500000, 0x0000000089600000, 0x0000000089600000|100%| E|CS|TAMS 0x0000000089500000, 0x0000000089500000| Complete 
| 118|0x0000000089600000, 0x0000000089700000, 0x0000000089700000|100%| E|CS|TAMS 0x0000000089600000, 0x0000000089600000| Complete 
| 119|0x0000000089700000, 0x0000000089800000, 0x0000000089800000|100%| E|CS|TAMS 0x0000000089700000, 0x0000000089700000| Complete 
| 120|0x0000000089800000, 0x0000000089900000, 0x0000000089900000|100%| E|CS|TAMS 0x0000000089800000, 0x0000000089800000| Complete 
| 121|0x0000000089900000, 0x0000000089a00000, 0x0000000089a00000|100%| E|CS|TAMS 0x0000000089900000, 0x0000000089900000| Complete 
| 122|0x0000000089a00000, 0x0000000089b00000, 0x0000000089b00000|100%| E|CS|TAMS 0x0000000089a00000, 0x0000000089a00000| Complete 
| 123|0x0000000089b00000, 0x0000000089c00000, 0x0000000089c00000|100%| E|CS|TAMS 0x0000000089b00000, 0x0000000089b00000| Complete 
| 124|0x0000000089c00000, 0x0000000089d00000, 0x0000000089d00000|100%| E|CS|TAMS 0x0000000089c00000, 0x0000000089c00000| Complete 
| 125|0x0000000089d00000, 0x0000000089e00000, 0x0000000089e00000|100%| E|CS|TAMS 0x0000000089d00000, 0x0000000089d00000| Complete 

Card table byte_map: [0x0000024eba770000,0x0000024ebab60000] _byte_map_base: 0x0000024eba360000

Marking Bits (Prev, Next): (CMBitMap*) 0x0000024ea79275f0, (CMBitMap*) 0x0000024ea7927630
 Prev Bits: [0x0000024ebaf50000, 0x0000024ebced0000)
 Next Bits: [0x0000024ebced0000, 0x0000024ebee50000)

Polling page: 0x0000024ea58c0000

Metaspace:

Usage:
  Non-class:     14.41 MB used.
      Class:      1.70 MB used.
       Both:     16.12 MB used.

Virtual space:
  Non-class space:       64.00 MB reserved,      14.50 MB ( 23%) committed,  1 nodes.
      Class space:        1.00 GB reserved,       1.81 MB ( <1%) committed,  1 nodes.
             Both:        1.06 GB reserved,      16.31 MB (  1%) committed. 

Chunk freelists:
   Non-Class:  773.00 KB
       Class:  14.17 MB
        Both:  14.93 MB

MaxMetaspaceSize: unlimited
CompressedClassSpaceSize: 1.00 GB
Initial GC threshold: 21.00 MB
Current GC threshold: 21.00 MB
CDS: off
MetaspaceReclaimPolicy: balanced
 - commit_granule_bytes: 65536.
 - commit_granule_words: 8192.
 - virtual_space_node_default_size: 8388608.
 - enlarge_chunks_in_place: 1.
 - new_chunks_are_fully_committed: 0.
 - uncommit_free_chunks: 1.
 - use_allocation_guard: 0.
 - handle_deallocations: 1.


Internal statistics:

num_allocs_failed_limit: 0.
num_arena_births: 146.
num_arena_deaths: 0.
num_vsnodes_births: 2.
num_vsnodes_deaths: 0.
num_space_committed: 261.
num_space_uncommitted: 0.
num_chunks_returned_to_freelist: 0.
num_chunks_taken_from_freelist: 306.
num_chunk_merges: 0.
num_chunk_splits: 179.
num_chunks_enlarged: 106.
num_inconsistent_stats: 0.

CodeHeap 'non-profiled nmethods': size=120000Kb used=316Kb max_used=316Kb free=119683Kb
 bounds [0x0000024eb2b10000, 0x0000024eb2d80000, 0x0000024eba040000]
CodeHeap 'profiled nmethods': size=120000Kb used=1599Kb max_used=1599Kb free=118400Kb
 bounds [0x0000024eab040000, 0x0000024eab2b0000, 0x0000024eb2570000]
CodeHeap 'non-nmethods': size=5760Kb used=1188Kb max_used=1216Kb free=4571Kb
 bounds [0x0000024eb2570000, 0x0000024eb27e0000, 0x0000024eb2b10000]
 total_blobs=1497 nmethods=1014 adapters=396
 compilation: enabled
              stopped_count=0, restarted_count=0
 full_count=0

Compilation events (20 events):
Event: 0.660 Thread 0x0000024ec6043f40  991       4       jdk.internal.org.objectweb.asm.ByteVector::putByte (39 bytes)
Event: 0.660 Thread 0x0000024ec1a58aa0  992       3       java.math.MutableBigInteger::divideKnuth (272 bytes)
Event: 0.661 Thread 0x0000024ec6043f40 nmethod 991 0x0000024eb2b5a790 code [0x0000024eb2b5a920, 0x0000024eb2b5aa68]
Event: 0.661 Thread 0x0000024ec1a58aa0 nmethod 992 0x0000024eab1c9610 code [0x0000024eab1c9980, 0x0000024eab1cae98]
Event: 0.661 Thread 0x0000024ec1a58aa0  993       3       java.math.BigInteger::longValue (32 bytes)
Event: 0.661 Thread 0x0000024ec1a58aa0 nmethod 993 0x0000024eab1cb590 code [0x0000024eab1cb740, 0x0000024eab1cb988]
Event: 0.661 Thread 0x0000024ec6043f40  994       4       sun.security.util.math.intpoly.IntegerPolynomial$MutableElement::setProduct (6 bytes)
Event: 0.661 Thread 0x0000024ec1a575e0  995       4       sun.security.util.math.intpoly.IntegerPolynomial$MutableElement::setProduct (31 bytes)
Event: 0.662 Thread 0x0000024ec1a58aa0  996       3       sun.security.util.math.intpoly.P256OrderField::carryReduce (577 bytes)
Event: 0.662 Thread 0x0000024ec6043f40 nmethod 994 0x0000024eb2b5ab90 code [0x0000024eb2b5ad20, 0x0000024eb2b5ae18]
Event: 0.662 Thread 0x0000024ec1a575e0 nmethod 995 0x0000024eb2b5af10 code [0x0000024eb2b5b0a0, 0x0000024eb2b5b198]
Event: 0.662 Thread 0x0000024ec1a58aa0 nmethod 996 0x0000024eab1cba90 code [0x0000024eab1cbc40, 0x0000024eab1cc1a8]
Event: 0.662 Thread 0x0000024ec1a58aa0  997       3       sun.security.util.math.intpoly.P256OrderField::carryReduce0 (2216 bytes)
Event: 0.663 Thread 0x0000024ec6043f40 1000       4       sun.security.util.math.intpoly.IntegerPolynomial::multByInt (30 bytes)
Event: 0.663 Thread 0x0000024ec1a58aa0 nmethod 997 0x0000024eab1cc310 code [0x0000024eab1cc4c0, 0x0000024eab1cd728]
Event: 0.663 Thread 0x0000024ec1a575e0 1001       4       sun.security.util.math.intpoly.IntegerPolynomialP256::carryReduce (895 bytes)
Event: 0.663 Thread 0x0000024ec1a58aa0  998       3       sun.security.util.math.intpoly.P256OrderField::carryReduce2 (518 bytes)
Event: 0.664 Thread 0x0000024ec1a58aa0 nmethod 998 0x0000024eab1cd890 code [0x0000024eab1cda40, 0x0000024eab1cdfb8]
Event: 0.664 Thread 0x0000024ec1a58aa0  999       3       sun.security.util.math.intpoly.P256OrderField::square (613 bytes)
Event: 0.664 Thread 0x0000024ec1a58aa0 nmethod 999 0x0000024eab1ce210 code [0x0000024eab1ce3c0, 0x0000024eab1cec48]

GC Heap History (0 events):
No events

Dll operation events (1 events):
Event: 0.006 Loaded shared library C:\Program Files\JetBrains\IntelliJ IDEA 2023.2.1\jbr\bin\java.dll

Deoptimization events (20 events):
Event: 0.548 Thread 0x0000024ec61e77a0 Uncommon trap: trap_request=0xffffff45 fr.pc=0x0000024eb2b3fc3c relative=0x000000000000027c
Event: 0.548 Thread 0x0000024ec61e77a0 Uncommon trap: reason=unstable_if action=reinterpret pc=0x0000024eb2b3fc3c method=java.lang.invoke.VarHandle.checkExactAccessMode(Ljava/lang/invoke/VarHandle$AccessDescriptor;)V @ 4 c2
Event: 0.548 Thread 0x0000024ec61e77a0 DEOPT PACKING pc=0x0000024eb2b3fc3c sp=0x000000a4accfedc0
Event: 0.548 Thread 0x0000024ec61e77a0 DEOPT UNPACKING pc=0x0000024eb25c69a3 sp=0x000000a4accfed30 mode 2
Event: 0.660 Thread 0x0000024ec62e7ea0 Uncommon trap: trap_request=0xffffffc6 fr.pc=0x0000024eb2b59c20 relative=0x00000000000000e0
Event: 0.660 Thread 0x0000024ec62e7ea0 Uncommon trap: reason=bimorphic_or_optimized_type_check action=maybe_recompile pc=0x0000024eb2b59c20 method=sun.security.util.math.intpoly.IntegerPolynomial$MutableElement.setProduct(Lsun/security/util/math/IntegerModuloP;)Lsun/security/util/math/intpoly/
Event: 0.660 Thread 0x0000024ec62e7ea0 DEOPT PACKING pc=0x0000024eb2b59c20 sp=0x000000a4acefe680
Event: 0.660 Thread 0x0000024ec62e7ea0 DEOPT UNPACKING pc=0x0000024eb25c69a3 sp=0x000000a4acefe5a8 mode 2
Event: 0.660 Thread 0x0000024ec62e7ea0 Uncommon trap: trap_request=0xffffffc6 fr.pc=0x0000024eb2b59c20 relative=0x00000000000000e0
Event: 0.660 Thread 0x0000024ec62e7ea0 Uncommon trap: reason=bimorphic_or_optimized_type_check action=maybe_recompile pc=0x0000024eb2b59c20 method=sun.security.util.math.intpoly.IntegerPolynomial$MutableElement.setProduct(Lsun/security/util/math/IntegerModuloP;)Lsun/security/util/math/intpoly/
Event: 0.660 Thread 0x0000024ec62e7ea0 DEOPT PACKING pc=0x0000024eb2b59c20 sp=0x000000a4acefe680
Event: 0.660 Thread 0x0000024ec62e7ea0 DEOPT UNPACKING pc=0x0000024eb25c69a3 sp=0x000000a4acefe5a8 mode 2
Event: 0.660 Thread 0x0000024ec62e7ea0 Uncommon trap: trap_request=0xffffffc6 fr.pc=0x0000024eb2b59c20 relative=0x00000000000000e0
Event: 0.660 Thread 0x0000024ec62e7ea0 Uncommon trap: reason=bimorphic_or_optimized_type_check action=maybe_recompile pc=0x0000024eb2b59c20 method=sun.security.util.math.intpoly.IntegerPolynomial$MutableElement.setProduct(Lsun/security/util/math/IntegerModuloP;)Lsun/security/util/math/intpoly/
Event: 0.660 Thread 0x0000024ec62e7ea0 DEOPT PACKING pc=0x0000024eb2b59c20 sp=0x000000a4acefe680
Event: 0.660 Thread 0x0000024ec62e7ea0 DEOPT UNPACKING pc=0x0000024eb25c69a3 sp=0x000000a4acefe5a8 mode 2
Event: 0.661 Thread 0x0000024ec62e7ea0 Uncommon trap: trap_request=0xffffffc6 fr.pc=0x0000024eb2b59c20 relative=0x00000000000000e0
Event: 0.661 Thread 0x0000024ec62e7ea0 Uncommon trap: reason=bimorphic_or_optimized_type_check action=maybe_recompile pc=0x0000024eb2b59c20 method=sun.security.util.math.intpoly.IntegerPolynomial$MutableElement.setProduct(Lsun/security/util/math/IntegerModuloP;)Lsun/security/util/math/intpoly/
Event: 0.661 Thread 0x0000024ec62e7ea0 DEOPT PACKING pc=0x0000024eb2b59c20 sp=0x000000a4acefe680
Event: 0.661 Thread 0x0000024ec62e7ea0 DEOPT UNPACKING pc=0x0000024eb25c69a3 sp=0x000000a4acefe5a8 mode 2

Classes unloaded (0 events):
No events

Classes redefined (0 events):
No events

Internal exceptions (20 events):
Event: 0.240 Thread 0x0000024ea78cc0a0 Exception <a 'java/lang/NoSuchMethodError'{0x0000000089a20e10}: 'int java.lang.invoke.DirectMethodHandle$Holder.invokeStaticInit(java.lang.Object, java.lang.Object)'> (0x0000000089a20e10) 
thrown [s\src\hotspot\share\interpreter\linkResolver.cpp, line 771]
Event: 0.285 Thread 0x0000024ea78cc0a0 Exception <a 'java/lang/NoSuchMethodError'{0x0000000089907be0}: 'java.lang.Object java.lang.invoke.DirectMethodHandle$Holder.invokeStaticInit(java.lang.Object, int, int, int, int)'> (0x0000000089907be0) 
thrown [s\src\hotspot\share\interpreter\linkResolver.cpp, line 771]
Event: 0.379 Thread 0x0000024ea78cc0a0 Exception <a 'java/lang/NoSuchMethodError'{0x00000000899efa28}: 'java.lang.Object java.lang.invoke.DirectMethodHandle$Holder.invokeStaticInit(java.lang.Object, java.lang.Object, int, int, int, int)'> (0x00000000899efa28) 
thrown [s\src\hotspot\share\interpreter\linkResolver.cpp, line 771]
Event: 0.389 Thread 0x0000024ea78cc0a0 Exception <a 'java/lang/NoSuchMethodError'{0x000000008985a020}: 'java.lang.Object java.lang.invoke.DirectMethodHandle$Holder.invokeStatic(java.lang.Object, java.lang.Object, int)'> (0x000000008985a020) 
thrown [s\src\hotspot\share\interpreter\linkResolver.cpp, line 771]
Event: 0.389 Thread 0x0000024ea78cc0a0 Exception <a 'java/lang/NoSuchMethodError'{0x000000008985d798}: 'java.lang.Object java.lang.invoke.DirectMethodHandle$Holder.invokeStaticInit(java.lang.Object, java.lang.Object, int)'> (0x000000008985d798) 
thrown [s\src\hotspot\share\interpreter\linkResolver.cpp, line 771]
Event: 0.390 Thread 0x0000024ea78cc0a0 Exception <a 'java/lang/NoSuchMethodError'{0x0000000089863b48}: 'java.lang.Object java.lang.invoke.DirectMethodHandle$Holder.newInvokeSpecial(java.lang.Object, java.lang.Object, int)'> (0x0000000089863b48) 
thrown [s\src\hotspot\share\interpreter\linkResolver.cpp, line 771]
Event: 0.393 Thread 0x0000024ea78cc0a0 Exception <a 'java/lang/NoSuchMethodError'{0x0000000089873288}: 'int java.lang.invoke.DirectMethodHandle$Holder.invokeStaticInit(java.lang.Object, java.lang.Object, java.lang.Object)'> (0x0000000089873288) 
thrown [s\src\hotspot\share\interpreter\linkResolver.cpp, line 771]
Event: 0.395 Thread 0x0000024ea78cc0a0 Exception <a 'java/lang/NoSuchMethodError'{0x00000000898836b8}: 'int java.lang.invoke.DirectMethodHandle$Holder.invokeSpecial(java.lang.Object, java.lang.Object, java.lang.Object)'> (0x00000000898836b8) 
thrown [s\src\hotspot\share\interpreter\linkResolver.cpp, line 771]
Event: 0.396 Thread 0x0000024ea78cc0a0 Exception <a 'java/lang/NoSuchMethodError'{0x000000008988ba98}: 'int java.lang.invoke.DirectMethodHandle$Holder.invokeSpecialIFC(java.lang.Object, java.lang.Object, java.lang.Object)'> (0x000000008988ba98) 
thrown [s\src\hotspot\share\interpreter\linkResolver.cpp, line 771]
Event: 0.425 Thread 0x0000024ea78cc0a0 Exception <a 'java/lang/NoSuchMethodError'{0x00000000897183b8}: 'java.lang.Object java.lang.invoke.DirectMethodHandle$Holder.invokeStaticInit(java.lang.Object)'> (0x00000000897183b8) 
thrown [s\src\hotspot\share\interpreter\linkResolver.cpp, line 771]
Event: 0.492 Thread 0x0000024ea78cc0a0 Exception <a 'java/lang/NoSuchMethodError'{0x00000000896fe300}: 'java.lang.Object java.lang.invoke.DirectMethodHandle$Holder.newInvokeSpecial(java.lang.Object, java.lang.Object, java.lang.Object, java.lang.Object, java.lang.Object)'> (0x00000000896fe300) 
thrown [s\src\hotspot\share\interpreter\linkResolver.cpp, line 771]
Event: 0.526 Thread 0x0000024ea78cc0a0 Exception <a 'java/lang/NoSuchMethodError'{0x000000008948af30}: 'java.lang.Object java.lang.invoke.DirectMethodHandle$Holder.invokeSpecial(java.lang.Object, java.lang.Object, java.lang.Object, java.lang.Object, int)'> (0x000000008948af30) 
thrown [s\src\hotspot\share\interpreter\linkResolver.cpp, line 771]
Event: 0.526 Thread 0x0000024ea78cc0a0 Exception <a 'java/lang/NoSuchMethodError'{0x000000008948eaf8}: 'java.lang.Object java.lang.invoke.Invokers$Holder.linkToTargetMethod(java.lang.Object, java.lang.Object, int, java.lang.Object)'> (0x000000008948eaf8) 
thrown [s\src\hotspot\share\interpreter\linkResolver.cpp, line 771]
Event: 0.535 Thread 0x0000024ea78cc0a0 Exception <a 'java/lang/NoSuchMethodError'{0x00000000894ee838}: 'void java.lang.invoke.DirectMethodHandle$Holder.invokeSpecial(java.lang.Object, java.lang.Object, java.lang.Object)'> (0x00000000894ee838) 
thrown [s\src\hotspot\share\interpreter\linkResolver.cpp, line 771]
Event: 0.550 Thread 0x0000024ec61e77a0 Exception <a 'java/lang/NoSuchMethodError'{0x000000008969abd8}: 'void java.lang.invoke.DirectMethodHandle$Holder.invokeStatic(java.lang.Object, java.lang.Object, int)'> (0x000000008969abd8) 
thrown [s\src\hotspot\share\interpreter\linkResolver.cpp, line 771]
Event: 0.550 Thread 0x0000024ea78cc0a0 Exception <a 'java/lang/NoSuchMethodError'{0x00000000893761e0}: 'void java.lang.invoke.DirectMethodHandle$Holder.invokeSpecial(java.lang.Object, java.lang.Object, java.lang.Object, java.lang.Object, java.lang.Object)'> (0x00000000893761e0) 
thrown [s\src\hotspot\share\interpreter\linkResolver.cpp, line 771]
Event: 0.558 Thread 0x0000024ec62e7ea0 Exception <a 'java/lang/NoSuchMethodError'{0x0000000089219ac8}: 'void java.lang.invoke.DirectMethodHandle$Holder.invokeInterface(java.lang.Object, java.lang.Object, java.lang.Object)'> (0x0000000089219ac8) 
thrown [s\src\hotspot\share\interpreter\linkResolver.cpp, line 771]
Event: 0.561 Thread 0x0000024ec62e7ea0 Exception <a 'java/lang/NoSuchMethodError'{0x000000008922ffb0}: 'int java.lang.invoke.DirectMethodHandle$Holder.invokeStaticInit(java.lang.Object, int, int)'> (0x000000008922ffb0) 
thrown [s\src\hotspot\share\interpreter\linkResolver.cpp, line 771]
Event: 0.567 Thread 0x0000024ec62e7ea0 Exception <a 'java/lang/NoSuchMethodError'{0x0000000089272728}: 'void java.lang.invoke.DirectMethodHandle$Holder.invokeVirtual(java.lang.Object, java.lang.Object)'> (0x0000000089272728) 
thrown [s\src\hotspot\share\interpreter\linkResolver.cpp, line 771]
Event: 0.631 Thread 0x0000024ec62e7ea0 Exception <a 'java/lang/NoSuchMethodError'{0x000000008915bdd8}: 'void java.lang.invoke.DirectMethodHandle$Holder.invokeInterface(java.lang.Object, java.lang.Object)'> (0x000000008915bdd8) 
thrown [s\src\hotspot\share\interpreter\linkResolver.cpp, line 771]

VM Operations (8 events):
Event: 0.110 Executing VM operation: HandshakeAllThreads
Event: 0.110 Executing VM operation: HandshakeAllThreads done
Event: 0.124 Executing VM operation: HandshakeAllThreads
Event: 0.124 Executing VM operation: HandshakeAllThreads done
Event: 0.297 Executing VM operation: HandshakeAllThreads
Event: 0.298 Executing VM operation: HandshakeAllThreads done
Event: 0.427 Executing VM operation: HandshakeAllThreads
Event: 0.427 Executing VM operation: HandshakeAllThreads done

Events (20 events):
Event: 0.657 loading class sun/security/x509/GeneralName
Event: 0.657 loading class sun/security/x509/GeneralName done
Event: 0.657 loading class sun/security/x509/DNSName
Event: 0.657 loading class sun/security/x509/DNSName done
Event: 0.657 loading class sun/security/x509/X509AttributeName
Event: 0.657 loading class sun/security/x509/X509AttributeName done
Event: 0.657 loading class sun/security/util/MemoryCache$SoftCacheEntry
Event: 0.657 loading class sun/security/util/MemoryCache$CacheEntry
Event: 0.657 loading class sun/security/util/MemoryCache$CacheEntry done
Event: 0.657 loading class sun/security/util/MemoryCache$SoftCacheEntry done
Event: 0.657 loading class jdk/internal/event/X509CertificateEvent
Event: 0.658 loading class jdk/internal/event/X509CertificateEvent done
Event: 0.658 loading class jdk/internal/event/EventHelper
Event: 0.658 loading class jdk/internal/event/EventHelper done
Event: 0.658 loading class sun/security/ssl/X509Authentication$X509Credentials
Event: 0.658 loading class sun/security/ssl/X509Authentication$X509Credentials done
Event: 0.658 loading class sun/security/ssl/CertificateVerify$T13CertificateVerifyMessage
Event: 0.658 loading class sun/security/ssl/CertificateVerify$T13CertificateVerifyMessage done
Event: 0.658 loading class sun/security/util/SignatureUtil
Event: 0.659 loading class sun/security/util/SignatureUtil done


Dynamic libraries:
0x00007ff667d80000 - 0x00007ff667d8a000 	C:\Program Files\JetBrains\IntelliJ IDEA 2023.2.1\jbr\bin\java.exe
0x00007ffa1bfd0000 - 0x00007ffa1c1c8000 	C:\WINDOWS\SYSTEM32\ntdll.dll
0x00007ffa1a770000 - 0x00007ffa1a82d000 	C:\WINDOWS\System32\KERNEL32.DLL
0x00007ffa19ce0000 - 0x00007ffa19fd6000 	C:\WINDOWS\System32\KERNELBASE.dll
0x00007ffa19be0000 - 0x00007ffa19ce0000 	C:\WINDOWS\System32\ucrtbase.dll
0x00007ff9f1d70000 - 0x00007ff9f1d87000 	C:\Program Files\JetBrains\IntelliJ IDEA 2023.2.1\jbr\bin\jli.dll
0x00007ffa15070000 - 0x00007ffa1508b000 	C:\Program Files\JetBrains\IntelliJ IDEA 2023.2.1\jbr\bin\VCRUNTIME140.dll
0x00007ffa1a5d0000 - 0x00007ffa1a76e000 	C:\WINDOWS\System32\USER32.dll
0x00007ffa19900000 - 0x00007ffa19922000 	C:\WINDOWS\System32\win32u.dll
0x00007ffa05460000 - 0x00007ffa056fa000 	C:\WINDOWS\WinSxS\amd64_microsoft.windows.common-controls_6595b64144ccf1df_6.0.19041.3636_none_60b6a03d71f818d5\COMCTL32.dll
0x00007ffa1ac10000 - 0x00007ffa1ac3c000 	C:\WINDOWS\System32\GDI32.dll
0x00007ffa1b760000 - 0x00007ffa1b7fe000 	C:\WINDOWS\System32\msvcrt.dll
0x00007ffa196b0000 - 0x00007ffa197ca000 	C:\WINDOWS\System32\gdi32full.dll
0x00007ffa19a90000 - 0x00007ffa19b2d000 	C:\WINDOWS\System32\msvcp_win.dll
0x00007ffa1a8e0000 - 0x00007ffa1a910000 	C:\WINDOWS\System32\IMM32.DLL
0x00007ffa15060000 - 0x00007ffa1506c000 	C:\Program Files\JetBrains\IntelliJ IDEA 2023.2.1\jbr\bin\vcruntime140_1.dll
0x00007ff9f5ff0000 - 0x00007ff9f607d000 	C:\Program Files\JetBrains\IntelliJ IDEA 2023.2.1\jbr\bin\msvcp140.dll
0x00007ff977e80000 - 0x00007ff978b03000 	C:\Program Files\JetBrains\IntelliJ IDEA 2023.2.1\jbr\bin\server\jvm.dll
0x00007ffa1a830000 - 0x00007ffa1a8df000 	C:\WINDOWS\System32\ADVAPI32.dll
0x00007ffa1ba00000 - 0x00007ffa1ba9c000 	C:\WINDOWS\System32\sechost.dll
0x00007ffa1a4a0000 - 0x00007ffa1a5c6000 	C:\WINDOWS\System32\RPCRT4.dll
0x00007ffa18c60000 - 0x00007ffa18cab000 	C:\WINDOWS\SYSTEM32\POWRPROF.dll
0x00007ffa019d0000 - 0x00007ffa019d9000 	C:\WINDOWS\SYSTEM32\WSOCK32.dll
0x00007ffa1b8e0000 - 0x00007ffa1b94b000 	C:\WINDOWS\System32\WS2_32.dll
0x00007ffa06320000 - 0x00007ffa06347000 	C:\WINDOWS\SYSTEM32\WINMM.dll
0x00007ffa12660000 - 0x00007ffa1266a000 	C:\WINDOWS\SYSTEM32\VERSION.dll
0x00007ffa18ad0000 - 0x00007ffa18ae2000 	C:\WINDOWS\SYSTEM32\UMPDC.dll
0x00007ffa17f00000 - 0x00007ffa17f12000 	C:\WINDOWS\SYSTEM32\kernel.appcore.dll
0x00007ffa15040000 - 0x00007ffa1504a000 	C:\Program Files\JetBrains\IntelliJ IDEA 2023.2.1\jbr\bin\jimage.dll
0x00007ffa17300000 - 0x00007ffa174e4000 	C:\WINDOWS\SYSTEM32\DBGHELP.DLL
0x00007ff9fd230000 - 0x00007ff9fd264000 	C:\WINDOWS\SYSTEM32\dbgcore.DLL
0x00007ffa197d0000 - 0x00007ffa19852000 	C:\WINDOWS\System32\bcryptPrimitives.dll
0x00007ff9f1680000 - 0x00007ff9f16a5000 	C:\Program Files\JetBrains\IntelliJ IDEA 2023.2.1\jbr\bin\java.dll
0x00007ffa13490000 - 0x00007ffa134a8000 	C:\Program Files\JetBrains\IntelliJ IDEA 2023.2.1\jbr\bin\zip.dll
0x00007ffa1b010000 - 0x00007ffa1b754000 	C:\WINDOWS\System32\SHELL32.dll
0x00007ffa17750000 - 0x00007ffa17eeb000 	C:\WINDOWS\SYSTEM32\windows.storage.dll
0x00007ffa1a0d0000 - 0x00007ffa1a424000 	C:\WINDOWS\System32\combase.dll
0x00007ffa190f0000 - 0x00007ffa1911d000 	C:\WINDOWS\SYSTEM32\Wldp.dll
0x00007ffa1b950000 - 0x00007ffa1b9fd000 	C:\WINDOWS\System32\SHCORE.dll
0x00007ffa1b800000 - 0x00007ffa1b855000 	C:\WINDOWS\System32\shlwapi.dll
0x00007ffa195e0000 - 0x00007ffa19605000 	C:\WINDOWS\SYSTEM32\profapi.dll
0x00007ff9f3fc0000 - 0x00007ff9f3fd9000 	C:\Program Files\JetBrains\IntelliJ IDEA 2023.2.1\jbr\bin\net.dll
0x00007ffa0ebc0000 - 0x00007ffa0ecca000 	C:\WINDOWS\SYSTEM32\WINHTTP.dll
0x00007ffa18e50000 - 0x00007ffa18eba000 	C:\WINDOWS\system32\mswsock.dll
0x00007ff9f3d40000 - 0x00007ff9f3d56000 	C:\Program Files\JetBrains\IntelliJ IDEA 2023.2.1\jbr\bin\nio.dll
0x00007ffa19040000 - 0x00007ffa19058000 	C:\WINDOWS\SYSTEM32\CRYPTSP.dll
0x00007ffa18710000 - 0x00007ffa18744000 	C:\WINDOWS\system32\rsaenh.dll
0x00007ffa19860000 - 0x00007ffa19887000 	C:\WINDOWS\System32\bcrypt.dll
0x00007ffa195a0000 - 0x00007ffa195ce000 	C:\WINDOWS\SYSTEM32\USERENV.dll
0x00007ffa19060000 - 0x00007ffa1906c000 	C:\WINDOWS\SYSTEM32\CRYPTBASE.dll
0x00007ffa18af0000 - 0x00007ffa18b2b000 	C:\WINDOWS\SYSTEM32\IPHLPAPI.DLL
0x00007ffa1a430000 - 0x00007ffa1a438000 	C:\WINDOWS\System32\NSI.dll
0x00007ffa11230000 - 0x00007ffa11247000 	C:\WINDOWS\SYSTEM32\dhcpcsvc6.DLL
0x00007ffa11360000 - 0x00007ffa1137d000 	C:\WINDOWS\SYSTEM32\dhcpcsvc.DLL
0x00007ffa18b40000 - 0x00007ffa18c0a000 	C:\WINDOWS\SYSTEM32\DNSAPI.dll
0x00007ffa134e0000 - 0x00007ffa134ee000 	C:\Program Files\JetBrains\IntelliJ IDEA 2023.2.1\jbr\bin\sunmscapi.dll
0x00007ffa19930000 - 0x00007ffa19a8d000 	C:\WINDOWS\System32\CRYPT32.dll
0x00007ffa19160000 - 0x00007ffa19187000 	C:\WINDOWS\SYSTEM32\ncrypt.dll
0x00007ffa19120000 - 0x00007ffa1915b000 	C:\WINDOWS\SYSTEM32\NTASN1.dll
0x00007ff9f21c0000 - 0x00007ff9f21c7000 	C:\WINDOWS\system32\wshunix.dll

dbghelp: loaded successfully - version: 4.0.5 - missing functions: none
symbol engine: initialized successfully - sym options: 0x614 - pdb path: .;C:\Program Files\JetBrains\IntelliJ IDEA 2023.2.1\jbr\bin;C:\WINDOWS\SYSTEM32;C:\WINDOWS\WinSxS\amd64_microsoft.windows.common-controls_6595b64144ccf1df_6.0.19041.3636_none_60b6a03d71f818d5;C:\Program Files\JetBrains\IntelliJ IDEA 2023.2.1\jbr\bin\server

VM Arguments:
java_command: git4idea.http.GitAskPassApp Password for 'https://Stebis-dev@github.com': 
java_class_path (initial): C:/Program Files/JetBrains/IntelliJ IDEA 2023.2.1/plugins/vcs-git/lib/git4idea-rt.jar;C:/Program Files/JetBrains/IntelliJ IDEA 2023.2.1/lib/externalProcess-rt.jar
Launcher Type: SUN_STANDARD

[Global flags]
     intx CICompilerCount                          = 4                                         {product} {ergonomic}
     uint ConcGCThreads                            = 2                                         {product} {ergonomic}
     uint G1ConcRefinementThreads                  = 8                                         {product} {ergonomic}
   size_t G1HeapRegionSize                         = 1048576                                   {product} {ergonomic}
    uintx GCDrainStackTargetSize                   = 64                                        {product} {ergonomic}
   size_t InitialHeapSize                          = 132120576                                 {product} {ergonomic}
   size_t MarkStackSize                            = 4194304                                   {product} {ergonomic}
   size_t MaxHeapSize                              = 2113929216                                {product} {ergonomic}
   size_t MaxNewSize                               = 1267728384                                {product} {ergonomic}
   size_t MinHeapDeltaBytes                        = 1048576                                   {product} {ergonomic}
   size_t MinHeapSize                              = 8388608                                   {product} {ergonomic}
    uintx NonNMethodCodeHeapSize                   = 5839372                                {pd product} {ergonomic}
    uintx NonProfiledCodeHeapSize                  = 122909434                              {pd product} {ergonomic}
    uintx ProfiledCodeHeapSize                     = 122909434                              {pd product} {ergonomic}
    uintx ReservedCodeCacheSize                    = 251658240                              {pd product} {ergonomic}
     bool SegmentedCodeCache                       = true                                      {product} {ergonomic}
   size_t SoftMaxHeapSize                          = 2113929216                             {manageable} {ergonomic}
     bool UseCompressedClassPointers               = true                           {product lp64_product} {ergonomic}
     bool UseCompressedOops                        = true                           {product lp64_product} {ergonomic}
     bool UseG1GC                                  = true                                      {product} {ergonomic}
     bool UseLargePagesIndividualAllocation        = false                                  {pd product} {ergonomic}

Logging:
Log output configuration:
 #0: stdout all=warning uptime,level,tags
 #1: stderr all=off uptime,level,tags

Environment Variables:
PATH=C:\Program Files\Git\mingw64\libexec\git-core;C:\Program Files\Git\mingw64\libexec\git-core;C:\Program Files\Git\mingw64\bin;C:\Program Files\Git\usr\bin;C:\Users\Gediminas\bin;C:\Azul zulu\zulu20.32.11-ca-fx-jdk20.0.2-win_x64\bin;C:\Program Files\Common Files\Oracle\Java\javapath;C:\Windows\system32;C:\Windows;C:\Windows\System32\Wbem;C:\Windows\System32\WindowsPowerShell\v1.0;C:\Windows\System32\OpenSSH;C:\Program Files\NVIDIA Corporation\NVIDIA NvDLISR;C:\MinGW\bin;C:\WINDOWS\system32;C:\WINDOWS;C:\WINDOWS\System32\Wbem;C:\WINDOWS\System32\WindowsPowerShell\v1.0;C:\WINDOWS\System32\OpenSSH;C:\Program Files\Microsoft SQL Server\120\Tools\Binn;C:\Program Files (x86)\NVIDIA Corporation\PhysX\Common;C:\Program Files (x86)\Microsoft Visual Studio\2019\Community\MSBuild\Current\Bin;C:\Program Files\Java\jdk-18.0.1.1\bin;C:\Program Files\Microsoft SQL Server\150\Tools\Binn;C:\Program Files\Microsoft SQL Server\Client SDK\ODBC\170\Tools\Binn;C:\Program Files (x86)\Microsoft SQL Server\150\DTS\Binn;C:\Program Files\Azure Data Studio\bin;C:\Program Files\dotnet;C:\Program Files\Git\cmd;C:\Program Files (x86)\Microsoft SQL Server\160\Tools\Binn;C:\Program Files\Microsoft SQL Server\160\Tools\Binn;C:\Program Files\Microsoft SQL Server\160\DTS\Binn;C:\Program Files (x86)\Microsoft SQL Server\160\DTS\Binn;C:\Users\Gediminas\AppData\Local\Programs\Python\Python310\Scripts;C:\Users\Gediminas\AppData\Local\Programs\Python\Python310;C:\Users\Gediminas\AppData\Local\Microsoft\WindowsApps;C:\Program Files\CMake\bin;C:\Users\Gediminas\AppData\Local\Programs\Microsoft VS Code\bin;C:\Users\Gediminas\AppData\Local\GitHubDesktop\bin;C:\Program Files\Java\jdk-18.0.1.1\bin;C:\Program Files\JetBrains\IntelliJ IDEA Community Edition 2023.2.1\bin;C:\Php;C:\Program Files\Azure Data Studio\bin;C:\Users\Gediminas\.dotnet\tools;C:\Program Files\JetBrains\IntelliJ IDEA 2023.2.1\bin
USERNAME=Gediminas
DISPLAY=:0.0
LC_ALL=en_US.UTF-8
TERM=xterm-256color
TMPDIR=C:\Users\GEDIMI~1\AppData\Local\Temp
OS=Windows_NT
PROCESSOR_IDENTIFIER=Intel64 Family 6 Model 165 Stepping 2, GenuineIntel
TMP=C:\Users\GEDIMI~1\AppData\Local\Temp
TEMP=C:\Users\GEDIMI~1\AppData\Local\Temp


JNI global refs:
JNI global refs: 19, weak refs: 1

JNI global refs memory usage: 843, weak refs: 841

OOME stack traces (most recent first):
Classloader memory used:
Loader bootstrap                                                                       : 1848K
Loader jdk.internal.loader.ClassLoaders$PlatformClassLoader                            : 223K
Loader jdk.internal.loader.ClassLoaders$AppClassLoader                                 : 1765B
Loader jdk.internal.reflect.DelegatingClassLoader                                      : 864B


---------------  S Y S T E M  ---------------

OS:
 Windows 10 , 64 bit Build 19041 (10.0.19041.3636)
OS uptime: 0 days 4:57 hours

CPU: total 8 (initial active 8) (4 cores per cpu, 2 threads per core) family 6 model 165 stepping 2 microcode 0xf4, cx8, cmov, fxsr, ht, mmx, 3dnowpref, sse, sse2, sse3, ssse3, sse4.1, sse4.2, popcnt, lzcnt, tsc, tscinvbit, avx, avx2, aes, erms, clmul, bmi1, bmi2, adx, fma, vzeroupper, clflush, clflushopt
Processor Information for all 8 processors :
  Max Mhz: 2496, Current Mhz: 2496, Mhz Limit: 2496

Memory: 4k page, system-wide physical 8059M (641M free)
TotalPageFile size 16054M (AvailPageFile size 3M)
current process WorkingSet (physical memory assigned to process): 71M, peak: 71M
current process commit charge ("private bytes"): 221M, peak: 222M

vm_info: OpenJDK 64-Bit Server VM (17.0.8+7-b1000.8) for windows-amd64 JRE (17.0.8+7-b1000.8), built on 2023-08-04 by "builduser" with MS VC++ 16.10 / 16.11 (VS2019)

END.
