#
# There is insufficient memory for the Java Runtime Environment to continue.
# Native memory allocation (mmap) failed to map 132120576 bytes for G1 virtual space
# Possible reasons:
#   The system is out of physical RAM or swap space
#   The process is running with CompressedOops enabled, and the Java Heap may be blocking the growth of the native heap
# Possible solutions:
#   Reduce memory load on the system
#   Increase physical memory or swap space
#   Check if swap backing store is full
#   Decrease Java heap size (-Xmx/-Xms)
#   Decrease number of Java threads
#   Decrease Java thread stack sizes (-Xss)
#   Set larger code cache with -XX:ReservedCodeCacheSize=
#   JVM is running with Unscaled Compressed Oops mode in which the Java heap is
#     placed in the first 4GB address space. The Java Heap base address is the
#     maximum limit for the native heap growth. Please use -XX:HeapBaseMinAddress
#     to set the Java Heap base and to place the Java Heap above 4GB virtual address.
# This output file may be truncated or incomplete.
#
#  Out of Memory Error (os_windows.cpp:3829), pid=11884, tid=15176
#
# JRE version:  (17.0.8+7) (build )
# Java VM: OpenJDK 64-Bit Server VM (17.0.8+7-b1000.8, mixed mode, sharing, tiered, compressed oops, compressed class ptrs, g1 gc, windows-amd64)
# No core dump will be written. Minidumps are not enabled by default on client versions of Windows
#

---------------  S U M M A R Y ------------

Command Line: git4idea.http.GitAskPassApp Username for 'https://github.com': 

Host: Intel(R) Core(TM) i5-10300H CPU @ 2.50GHz, 8 cores, 7G,  Windows 10 , 64 bit Build 19041 (10.0.19041.3636)
Time: Wed Dec 13 16:47:08 2023 FLE Standard Time elapsed time: 0.012301 seconds (0d 0h 0m 0s)

---------------  T H R E A D  ---------------

Current thread (0x00000259c229c880):  JavaThread "Unknown thread" [_thread_in_vm, id=15176, stack(0x0000009161800000,0x0000009161900000)]

Stack: [0x0000009161800000,0x0000009161900000]
Native frames: (J=compiled Java code, j=interpreted, Vv=VM code, C=native code)
V  [jvm.dll+0x6852da]
V  [jvm.dll+0x844c84]
V  [jvm.dll+0x84659e]
V  [jvm.dll+0x846c03]
V  [jvm.dll+0x24b7cf]
V  [jvm.dll+0x682049]
V  [jvm.dll+0x67671a]
V  [jvm.dll+0x30be2b]
V  [jvm.dll+0x3132d6]
V  [jvm.dll+0x36302e]
V  [jvm.dll+0x36325f]
V  [jvm.dll+0x2e1f48]
V  [jvm.dll+0x2e2eb4]
V  [jvm.dll+0x815c11]
V  [jvm.dll+0x370df1]
V  [jvm.dll+0x7f4fdc]
V  [jvm.dll+0x3f3f1f]
V  [jvm.dll+0x3f5b31]
C  [jli.dll+0x528f]
C  [ucrtbase.dll+0x21bb2]
C  [KERNEL32.DLL+0x17344]
C  [ntdll.dll+0x526b1]


---------------  P R O C E S S  ---------------

Threads class SMR info:
_java_thread_list=0x00007ff9789c0098, length=0, elements={
}

Java Threads: ( => current thread )

Other Threads:
  0x00000259c22f7860 GCTaskThread "GC Thread#0" [stack: 0x0000009161900000,0x0000009161a00000] [id=14996]
  0x00000259c23083b0 ConcurrentGCThread "G1 Main Marker" [stack: 0x0000009161a00000,0x0000009161b00000] [id=15244]
  0x00000259c2309560 ConcurrentGCThread "G1 Conc#0" [stack: 0x0000009161b00000,0x0000009161c00000] [id=16492]

[error occurred during error reporting (printing all threads), id 0xc0000005, EXCEPTION_ACCESS_VIOLATION (0xc0000005) at pc=0x00007ff978172ab7]

VM state: not at safepoint (not fully initialized)

VM Mutex/Monitor currently owned by a thread:  ([mutex/lock_event])
[0x00000259c2296230] Heap_lock - owner thread: 0x00000259c229c880

Heap address: 0x0000000082000000, size: 2016 MB, Compressed Oops mode: 32-bit

CDS archive(s) mapped at: [0x0000000000000000-0x0000000000000000-0x0000000000000000), size 0, SharedBaseAddress: 0x0000000800000000, ArchiveRelocationMode: 1.
Narrow klass base: 0x0000000000000000, Narrow klass shift: 0, Narrow klass range: 0x0

GC Precious Log:
<Empty>

Heap:
 garbage-first heap   total 0K, used 0K [0x0000000082000000, 0x0000000100000000)
  region size 1024K, 0 young (0K), 0 survivors (0K)
 Metaspace       used 0K, committed 0K, reserved 0K
  class space    used 0K, committed 0K, reserved 0K

Heap Regions: E=young(eden), S=young(survivor), O=old, HS=humongous(starts), HC=humongous(continues), CS=collection set, F=free, OA=open archive, CA=closed archive, TAMS=top-at-mark-start (previous, next)

Card table byte_map: [0x00000259d5130000,0x00000259d5520000] _byte_map_base: 0x00000259d4d20000

Marking Bits (Prev, Next): (CMBitMap*) 0x00000259c22f7e80, (CMBitMap*) 0x00000259c22f7ec0
 Prev Bits: [0x00000259d5910000, 0x00000259d7890000)
 Next Bits: [0x00000259d7890000, 0x00000259d9810000)

GC Heap History (0 events):
No events

Dll operation events (1 events):
Event: 0.007 Loaded shared library C:\Program Files\JetBrains\IntelliJ IDEA 2023.2.1\jbr\bin\java.dll

Deoptimization events (0 events):
No events

Classes unloaded (0 events):
No events

Classes redefined (0 events):
No events

Internal exceptions (0 events):
No events

VM Operations (0 events):
No events

Events (0 events):
No events


Dynamic libraries:
0x00007ff667d80000 - 0x00007ff667d8a000 	C:\Program Files\JetBrains\IntelliJ IDEA 2023.2.1\jbr\bin\java.exe
0x00007ffa1bfd0000 - 0x00007ffa1c1c8000 	C:\WINDOWS\SYSTEM32\ntdll.dll
0x00007ffa1a770000 - 0x00007ffa1a82d000 	C:\WINDOWS\System32\KERNEL32.DLL
0x00007ffa19ce0000 - 0x00007ffa19fd6000 	C:\WINDOWS\System32\KERNELBASE.dll
0x00007ffa19be0000 - 0x00007ffa19ce0000 	C:\WINDOWS\System32\ucrtbase.dll
0x00007ff9f1d70000 - 0x00007ff9f1d87000 	C:\Program Files\JetBrains\IntelliJ IDEA 2023.2.1\jbr\bin\jli.dll
0x00007ffa15070000 - 0x00007ffa1508b000 	C:\Program Files\JetBrains\IntelliJ IDEA 2023.2.1\jbr\bin\VCRUNTIME140.dll
0x00007ffa1a5d0000 - 0x00007ffa1a76e000 	C:\WINDOWS\System32\USER32.dll
0x00007ffa19900000 - 0x00007ffa19922000 	C:\WINDOWS\System32\win32u.dll
0x00007ffa05460000 - 0x00007ffa056fa000 	C:\WINDOWS\WinSxS\amd64_microsoft.windows.common-controls_6595b64144ccf1df_6.0.19041.3636_none_60b6a03d71f818d5\COMCTL32.dll
0x00007ffa1ac10000 - 0x00007ffa1ac3c000 	C:\WINDOWS\System32\GDI32.dll
0x00007ffa1b760000 - 0x00007ffa1b7fe000 	C:\WINDOWS\System32\msvcrt.dll
0x00007ffa196b0000 - 0x00007ffa197ca000 	C:\WINDOWS\System32\gdi32full.dll
0x00007ffa19a90000 - 0x00007ffa19b2d000 	C:\WINDOWS\System32\msvcp_win.dll
0x00007ffa1a8e0000 - 0x00007ffa1a910000 	C:\WINDOWS\System32\IMM32.DLL
0x00007ffa15060000 - 0x00007ffa1506c000 	C:\Program Files\JetBrains\IntelliJ IDEA 2023.2.1\jbr\bin\vcruntime140_1.dll
0x00007ff9f5ff0000 - 0x00007ff9f607d000 	C:\Program Files\JetBrains\IntelliJ IDEA 2023.2.1\jbr\bin\msvcp140.dll
0x00007ff977e80000 - 0x00007ff978b03000 	C:\Program Files\JetBrains\IntelliJ IDEA 2023.2.1\jbr\bin\server\jvm.dll
0x00007ffa1a830000 - 0x00007ffa1a8df000 	C:\WINDOWS\System32\ADVAPI32.dll
0x00007ffa1ba00000 - 0x00007ffa1ba9c000 	C:\WINDOWS\System32\sechost.dll
0x00007ffa1a4a0000 - 0x00007ffa1a5c6000 	C:\WINDOWS\System32\RPCRT4.dll
0x00007ffa06320000 - 0x00007ffa06347000 	C:\WINDOWS\SYSTEM32\WINMM.dll
0x00007ffa18c60000 - 0x00007ffa18cab000 	C:\WINDOWS\SYSTEM32\POWRPROF.dll
0x00007ffa019d0000 - 0x00007ffa019d9000 	C:\WINDOWS\SYSTEM32\WSOCK32.dll
0x00007ffa12660000 - 0x00007ffa1266a000 	C:\WINDOWS\SYSTEM32\VERSION.dll
0x00007ffa1b8e0000 - 0x00007ffa1b94b000 	C:\WINDOWS\System32\WS2_32.dll
0x00007ffa18ad0000 - 0x00007ffa18ae2000 	C:\WINDOWS\SYSTEM32\UMPDC.dll
0x00007ffa17f00000 - 0x00007ffa17f12000 	C:\WINDOWS\SYSTEM32\kernel.appcore.dll
0x00007ffa15040000 - 0x00007ffa1504a000 	C:\Program Files\JetBrains\IntelliJ IDEA 2023.2.1\jbr\bin\jimage.dll
0x00007ffa17300000 - 0x00007ffa174e4000 	C:\WINDOWS\SYSTEM32\DBGHELP.DLL
0x00007ff9fd230000 - 0x00007ff9fd264000 	C:\WINDOWS\SYSTEM32\dbgcore.DLL
0x00007ffa197d0000 - 0x00007ffa19852000 	C:\WINDOWS\System32\bcryptPrimitives.dll
0x00007ff9f1680000 - 0x00007ff9f16a5000 	C:\Program Files\JetBrains\IntelliJ IDEA 2023.2.1\jbr\bin\java.dll

dbghelp: loaded successfully - version: 4.0.5 - missing functions: none
symbol engine: initialized successfully - sym options: 0x614 - pdb path: .;C:\Program Files\JetBrains\IntelliJ IDEA 2023.2.1\jbr\bin;C:\WINDOWS\SYSTEM32;C:\WINDOWS\WinSxS\amd64_microsoft.windows.common-controls_6595b64144ccf1df_6.0.19041.3636_none_60b6a03d71f818d5;C:\Program Files\JetBrains\IntelliJ IDEA 2023.2.1\jbr\bin\server

VM Arguments:
java_command: git4idea.http.GitAskPassApp Username for 'https://github.com': 
java_class_path (initial): C:/Program Files/JetBrains/IntelliJ IDEA 2023.2.1/plugins/vcs-git/lib/git4idea-rt.jar;C:/Program Files/JetBrains/IntelliJ IDEA 2023.2.1/lib/externalProcess-rt.jar
Launcher Type: SUN_STANDARD

[Global flags]
     intx CICompilerCount                          = 4                                         {product} {ergonomic}
     uint ConcGCThreads                            = 2                                         {product} {ergonomic}
     uint G1ConcRefinementThreads                  = 8                                         {product} {ergonomic}
   size_t G1HeapRegionSize                         = 1048576                                   {product} {ergonomic}
    uintx GCDrainStackTargetSize                   = 64                                        {product} {ergonomic}
   size_t InitialHeapSize                          = 132120576                                 {product} {ergonomic}
   size_t MarkStackSize                            = 4194304                                   {product} {ergonomic}
   size_t MaxHeapSize                              = 2113929216                                {product} {ergonomic}
   size_t MinHeapDeltaBytes                        = 1048576                                   {product} {ergonomic}
   size_t MinHeapSize                              = 8388608                                   {product} {ergonomic}
    uintx NonNMethodCodeHeapSize                   = 5839372                                {pd product} {ergonomic}
    uintx NonProfiledCodeHeapSize                  = 122909434                              {pd product} {ergonomic}
    uintx ProfiledCodeHeapSize                     = 122909434                              {pd product} {ergonomic}
    uintx ReservedCodeCacheSize                    = 251658240                              {pd product} {ergonomic}
     bool SegmentedCodeCache                       = true                                      {product} {ergonomic}
   size_t SoftMaxHeapSize                          = 2113929216                             {manageable} {ergonomic}
     bool UseCompressedClassPointers               = true                           {product lp64_product} {ergonomic}
     bool UseCompressedOops                        = true                           {product lp64_product} {ergonomic}
     bool UseG1GC                                  = true                                      {product} {ergonomic}
     bool UseLargePagesIndividualAllocation        = false                                  {pd product} {ergonomic}

Logging:
Log output configuration:
 #0: stdout all=warning uptime,level,tags
 #1: stderr all=off uptime,level,tags

Environment Variables:
PATH=C:\Program Files\Git\mingw64\libexec\git-core;C:\Program Files\Git\mingw64\libexec\git-core;C:\Program Files\Git\mingw64\bin;C:\Program Files\Git\usr\bin;C:\Users\Gediminas\bin;C:\Azul zulu\zulu20.32.11-ca-fx-jdk20.0.2-win_x64\bin;C:\Program Files\Common Files\Oracle\Java\javapath;C:\Windows\system32;C:\Windows;C:\Windows\System32\Wbem;C:\Windows\System32\WindowsPowerShell\v1.0;C:\Windows\System32\OpenSSH;C:\Program Files\NVIDIA Corporation\NVIDIA NvDLISR;C:\MinGW\bin;C:\WINDOWS\system32;C:\WINDOWS;C:\WINDOWS\System32\Wbem;C:\WINDOWS\System32\WindowsPowerShell\v1.0;C:\WINDOWS\System32\OpenSSH;C:\Program Files\Microsoft SQL Server\120\Tools\Binn;C:\Program Files (x86)\NVIDIA Corporation\PhysX\Common;C:\Program Files (x86)\Microsoft Visual Studio\2019\Community\MSBuild\Current\Bin;C:\Program Files\Java\jdk-18.0.1.1\bin;C:\Program Files\Microsoft SQL Server\150\Tools\Binn;C:\Program Files\Microsoft SQL Server\Client SDK\ODBC\170\Tools\Binn;C:\Program Files (x86)\Microsoft SQL Server\150\DTS\Binn;C:\Program Files\Azure Data Studio\bin;C:\Program Files\dotnet;C:\Program Files\Git\cmd;C:\Program Files (x86)\Microsoft SQL Server\160\Tools\Binn;C:\Program Files\Microsoft SQL Server\160\Tools\Binn;C:\Program Files\Microsoft SQL Server\160\DTS\Binn;C:\Program Files (x86)\Microsoft SQL Server\160\DTS\Binn;C:\Users\Gediminas\AppData\Local\Programs\Python\Python310\Scripts;C:\Users\Gediminas\AppData\Local\Programs\Python\Python310;C:\Users\Gediminas\AppData\Local\Microsoft\WindowsApps;C:\Program Files\CMake\bin;C:\Users\Gediminas\AppData\Local\Programs\Microsoft VS Code\bin;C:\Users\Gediminas\AppData\Local\GitHubDesktop\bin;C:\Program Files\Java\jdk-18.0.1.1\bin;C:\Program Files\JetBrains\IntelliJ IDEA Community Edition 2023.2.1\bin;C:\Php;C:\Program Files\Azure Data Studio\bin;C:\Users\Gediminas\.dotnet\tools;C:\Program Files\JetBrains\IntelliJ IDEA 2023.2.1\bin
USERNAME=Gediminas
DISPLAY=:0.0
LC_ALL=en_US.UTF-8
TERM=xterm-256color
TMPDIR=C:\Users\GEDIMI~1\AppData\Local\Temp
OS=Windows_NT
PROCESSOR_IDENTIFIER=Intel64 Family 6 Model 165 Stepping 2, GenuineIntel
TMP=C:\Users\GEDIMI~1\AppData\Local\Temp
TEMP=C:\Users\GEDIMI~1\AppData\Local\Temp


JNI global refs:
JNI global refs: 0, weak refs: 0

JNI global refs memory usage: 0, weak refs: 0

OOME stack traces (most recent first):
Classloader memory used:


---------------  S Y S T E M  ---------------

OS:
 Windows 10 , 64 bit Build 19041 (10.0.19041.3636)
OS uptime: 0 days 5:37 hours

CPU: total 8 (initial active 8) (4 cores per cpu, 2 threads per core) family 6 model 165 stepping 2 microcode 0xf4, cx8, cmov, fxsr, ht, mmx, 3dnowpref, sse, sse2, sse3, ssse3, sse4.1, sse4.2, popcnt, lzcnt, tsc, tscinvbit, avx, avx2, aes, erms, clmul, bmi1, bmi2, adx, fma, vzeroupper, clflush, clflushopt
Processor Information for all 8 processors :
  Max Mhz: 2496, Current Mhz: 2496, Mhz Limit: 2496

Memory: 4k page, system-wide physical 8059M (1046M free)
TotalPageFile size 16054M (AvailPageFile size 37M)
current process WorkingSet (physical memory assigned to process): 10M, peak: 10M
current process commit charge ("private bytes"): 60M, peak: 186M

vm_info: OpenJDK 64-Bit Server VM (17.0.8+7-b1000.8) for windows-amd64 JRE (17.0.8+7-b1000.8), built on 2023-08-04 by "builduser" with MS VC++ 16.10 / 16.11 (VS2019)

END.
